2023-04-08 01:00:53,522 DEBUG [http-nio-63110-exec-3][HikariConfig.java:1066] - HikariPool-1 - configuration:
2023-04-08 01:00:53,522 DEBUG [http-nio-63110-exec-3][HikariConfig.java:1066] - HikariPool-1 - configuration:
2023-04-08 01:00:53,531 DEBUG [http-nio-63110-exec-3][HikariConfig.java:1098] - allowPoolSuspension.............false
2023-04-08 01:00:53,531 DEBUG [http-nio-63110-exec-3][HikariConfig.java:1098] - allowPoolSuspension.............false
2023-04-08 01:00:53,531 DEBUG [http-nio-63110-exec-3][HikariConfig.java:1098] - autoCommit......................true
2023-04-08 01:00:53,531 DEBUG [http-nio-63110-exec-3][HikariConfig.java:1098] - autoCommit......................true
2023-04-08 01:00:53,531 DEBUG [http-nio-63110-exec-3][HikariConfig.java:1098] - catalog.........................none
2023-04-08 01:00:53,531 DEBUG [http-nio-63110-exec-3][HikariConfig.java:1098] - catalog.........................none
2023-04-08 01:00:53,532 DEBUG [http-nio-63110-exec-3][HikariConfig.java:1098] - connectionInitSql...............none
2023-04-08 01:00:53,532 DEBUG [http-nio-63110-exec-3][HikariConfig.java:1098] - connectionInitSql...............none
2023-04-08 01:00:53,532 DEBUG [http-nio-63110-exec-3][HikariConfig.java:1098] - connectionTestQuery.............none
2023-04-08 01:00:53,532 DEBUG [http-nio-63110-exec-3][HikariConfig.java:1098] - connectionTestQuery.............none
2023-04-08 01:00:53,532 DEBUG [http-nio-63110-exec-3][HikariConfig.java:1098] - connectionTimeout...............30000
2023-04-08 01:00:53,532 DEBUG [http-nio-63110-exec-3][HikariConfig.java:1098] - connectionTimeout...............30000
2023-04-08 01:00:53,533 DEBUG [http-nio-63110-exec-3][HikariConfig.java:1098] - dataSource......................none
2023-04-08 01:00:53,533 DEBUG [http-nio-63110-exec-3][HikariConfig.java:1098] - dataSource......................none
2023-04-08 01:00:53,533 DEBUG [http-nio-63110-exec-3][HikariConfig.java:1098] - dataSourceClassName.............none
2023-04-08 01:00:53,533 DEBUG [http-nio-63110-exec-3][HikariConfig.java:1098] - dataSourceClassName.............none
2023-04-08 01:00:53,533 DEBUG [http-nio-63110-exec-3][HikariConfig.java:1098] - dataSourceJNDI..................none
2023-04-08 01:00:53,533 DEBUG [http-nio-63110-exec-3][HikariConfig.java:1098] - dataSourceJNDI..................none
2023-04-08 01:00:53,533 DEBUG [http-nio-63110-exec-3][HikariConfig.java:1098] - dataSourceProperties............{password=<masked>}
2023-04-08 01:00:53,533 DEBUG [http-nio-63110-exec-3][HikariConfig.java:1098] - dataSourceProperties............{password=<masked>}
2023-04-08 01:00:53,534 DEBUG [http-nio-63110-exec-3][HikariConfig.java:1098] - driverClassName................."com.mysql.cj.jdbc.Driver"
2023-04-08 01:00:53,534 DEBUG [http-nio-63110-exec-3][HikariConfig.java:1098] - driverClassName................."com.mysql.cj.jdbc.Driver"
2023-04-08 01:00:53,535 DEBUG [http-nio-63110-exec-3][HikariConfig.java:1098] - exceptionOverrideClassName......none
2023-04-08 01:00:53,535 DEBUG [http-nio-63110-exec-3][HikariConfig.java:1098] - exceptionOverrideClassName......none
2023-04-08 01:00:53,535 DEBUG [http-nio-63110-exec-3][HikariConfig.java:1098] - healthCheckProperties...........{}
2023-04-08 01:00:53,535 DEBUG [http-nio-63110-exec-3][HikariConfig.java:1098] - healthCheckProperties...........{}
2023-04-08 01:00:53,535 DEBUG [http-nio-63110-exec-3][HikariConfig.java:1098] - healthCheckRegistry.............none
2023-04-08 01:00:53,535 DEBUG [http-nio-63110-exec-3][HikariConfig.java:1098] - healthCheckRegistry.............none
2023-04-08 01:00:53,535 DEBUG [http-nio-63110-exec-3][HikariConfig.java:1098] - idleTimeout.....................600000
2023-04-08 01:00:53,535 DEBUG [http-nio-63110-exec-3][HikariConfig.java:1098] - idleTimeout.....................600000
2023-04-08 01:00:53,535 DEBUG [http-nio-63110-exec-3][HikariConfig.java:1098] - initializationFailTimeout.......1
2023-04-08 01:00:53,535 DEBUG [http-nio-63110-exec-3][HikariConfig.java:1098] - initializationFailTimeout.......1
2023-04-08 01:00:53,536 DEBUG [http-nio-63110-exec-3][HikariConfig.java:1098] - isolateInternalQueries..........false
2023-04-08 01:00:53,536 DEBUG [http-nio-63110-exec-3][HikariConfig.java:1098] - isolateInternalQueries..........false
2023-04-08 01:00:53,536 DEBUG [http-nio-63110-exec-3][HikariConfig.java:1098] - jdbcUrl.........................jdbc:mysql://192.168.101.65:3306/mooc_mini_system?serverTimezone=UTC&userUnicode=true&useSSL=false&
2023-04-08 01:00:53,536 DEBUG [http-nio-63110-exec-3][HikariConfig.java:1098] - jdbcUrl.........................jdbc:mysql://192.168.101.65:3306/mooc_mini_system?serverTimezone=UTC&userUnicode=true&useSSL=false&
2023-04-08 01:00:53,536 DEBUG [http-nio-63110-exec-3][HikariConfig.java:1098] - leakDetectionThreshold..........0
2023-04-08 01:00:53,536 DEBUG [http-nio-63110-exec-3][HikariConfig.java:1098] - leakDetectionThreshold..........0
2023-04-08 01:00:53,536 DEBUG [http-nio-63110-exec-3][HikariConfig.java:1098] - maxLifetime.....................1800000
2023-04-08 01:00:53,536 DEBUG [http-nio-63110-exec-3][HikariConfig.java:1098] - maxLifetime.....................1800000
2023-04-08 01:00:53,537 DEBUG [http-nio-63110-exec-3][HikariConfig.java:1098] - maximumPoolSize.................10
2023-04-08 01:00:53,537 DEBUG [http-nio-63110-exec-3][HikariConfig.java:1098] - maximumPoolSize.................10
2023-04-08 01:00:53,537 DEBUG [http-nio-63110-exec-3][HikariConfig.java:1098] - metricRegistry..................none
2023-04-08 01:00:53,537 DEBUG [http-nio-63110-exec-3][HikariConfig.java:1098] - metricRegistry..................none
2023-04-08 01:00:53,537 DEBUG [http-nio-63110-exec-3][HikariConfig.java:1098] - metricsTrackerFactory...........none
2023-04-08 01:00:53,537 DEBUG [http-nio-63110-exec-3][HikariConfig.java:1098] - metricsTrackerFactory...........none
2023-04-08 01:00:53,537 DEBUG [http-nio-63110-exec-3][HikariConfig.java:1098] - minimumIdle.....................10
2023-04-08 01:00:53,537 DEBUG [http-nio-63110-exec-3][HikariConfig.java:1098] - minimumIdle.....................10
2023-04-08 01:00:53,537 DEBUG [http-nio-63110-exec-3][HikariConfig.java:1098] - password........................<masked>
2023-04-08 01:00:53,537 DEBUG [http-nio-63110-exec-3][HikariConfig.java:1098] - password........................<masked>
2023-04-08 01:00:53,538 DEBUG [http-nio-63110-exec-3][HikariConfig.java:1098] - poolName........................"HikariPool-1"
2023-04-08 01:00:53,538 DEBUG [http-nio-63110-exec-3][HikariConfig.java:1098] - poolName........................"HikariPool-1"
2023-04-08 01:00:53,538 DEBUG [http-nio-63110-exec-3][HikariConfig.java:1098] - readOnly........................false
2023-04-08 01:00:53,538 DEBUG [http-nio-63110-exec-3][HikariConfig.java:1098] - readOnly........................false
2023-04-08 01:00:53,538 DEBUG [http-nio-63110-exec-3][HikariConfig.java:1098] - registerMbeans..................false
2023-04-08 01:00:53,538 DEBUG [http-nio-63110-exec-3][HikariConfig.java:1098] - registerMbeans..................false
2023-04-08 01:00:53,538 DEBUG [http-nio-63110-exec-3][HikariConfig.java:1098] - scheduledExecutor...............none
2023-04-08 01:00:53,538 DEBUG [http-nio-63110-exec-3][HikariConfig.java:1098] - scheduledExecutor...............none
2023-04-08 01:00:53,538 DEBUG [http-nio-63110-exec-3][HikariConfig.java:1098] - schema..........................none
2023-04-08 01:00:53,538 DEBUG [http-nio-63110-exec-3][HikariConfig.java:1098] - schema..........................none
2023-04-08 01:00:53,539 DEBUG [http-nio-63110-exec-3][HikariConfig.java:1098] - threadFactory...................internal
2023-04-08 01:00:53,539 DEBUG [http-nio-63110-exec-3][HikariConfig.java:1098] - threadFactory...................internal
2023-04-08 01:00:53,539 DEBUG [http-nio-63110-exec-3][HikariConfig.java:1098] - transactionIsolation............default
2023-04-08 01:00:53,539 DEBUG [http-nio-63110-exec-3][HikariConfig.java:1098] - transactionIsolation............default
2023-04-08 01:00:53,539 DEBUG [http-nio-63110-exec-3][HikariConfig.java:1098] - username........................"root"
2023-04-08 01:00:53,539 DEBUG [http-nio-63110-exec-3][HikariConfig.java:1098] - username........................"root"
2023-04-08 01:00:53,540 DEBUG [http-nio-63110-exec-3][HikariConfig.java:1098] - validationTimeout...............5000
2023-04-08 01:00:53,540 DEBUG [http-nio-63110-exec-3][HikariConfig.java:1098] - validationTimeout...............5000
2023-04-08 01:00:53,540 INFO [http-nio-63110-exec-3][HikariDataSource.java:110] - HikariPool-1 - Starting...
2023-04-08 01:00:53,540 INFO [http-nio-63110-exec-3][HikariDataSource.java:110] - HikariPool-1 - Starting...
2023-04-08 01:00:53,700 DEBUG [http-nio-63110-exec-3][HikariPool.java:564] - HikariPool-1 - Added connection com.mysql.cj.jdbc.ConnectionImpl@5b3d5bde
2023-04-08 01:00:53,700 DEBUG [http-nio-63110-exec-3][HikariPool.java:564] - HikariPool-1 - Added connection com.mysql.cj.jdbc.ConnectionImpl@5b3d5bde
2023-04-08 01:00:53,702 INFO [http-nio-63110-exec-3][HikariDataSource.java:123] - HikariPool-1 - Start completed.
2023-04-08 01:00:53,702 INFO [http-nio-63110-exec-3][HikariDataSource.java:123] - HikariPool-1 - Start completed.
2023-04-08 01:00:53,710 DEBUG [http-nio-63110-exec-3][BaseJdbcLogger.java:137] - ==>  Preparing: SELECT id,name,code,item_values FROM dictionary
2023-04-08 01:00:53,710 DEBUG [http-nio-63110-exec-3][BaseJdbcLogger.java:137] - ==>  Preparing: SELECT id,name,code,item_values FROM dictionary
2023-04-08 01:00:53,728 DEBUG [http-nio-63110-exec-3][BaseJdbcLogger.java:137] - ==> Parameters: 
2023-04-08 01:00:53,728 DEBUG [http-nio-63110-exec-3][BaseJdbcLogger.java:137] - ==> Parameters: 
2023-04-08 01:00:53,757 DEBUG [http-nio-63110-exec-3][BaseJdbcLogger.java:137] - <==      Total: 17
2023-04-08 01:00:53,757 DEBUG [http-nio-63110-exec-3][BaseJdbcLogger.java:137] - <==      Total: 17
2023-04-08 01:00:53,803 DEBUG [HikariPool-1 housekeeper][HikariPool.java:421] - HikariPool-1 - Pool stats (total=1, active=0, idle=1, waiting=0)
2023-04-08 01:00:53,803 DEBUG [HikariPool-1 housekeeper][HikariPool.java:421] - HikariPool-1 - Pool stats (total=1, active=0, idle=1, waiting=0)
2023-04-08 01:00:53,814 DEBUG [HikariPool-1 connection adder][HikariPool.java:728] - HikariPool-1 - Added connection com.mysql.cj.jdbc.ConnectionImpl@4f2f8152
2023-04-08 01:00:53,814 DEBUG [HikariPool-1 connection adder][HikariPool.java:728] - HikariPool-1 - Added connection com.mysql.cj.jdbc.ConnectionImpl@4f2f8152
2023-04-08 01:00:53,826 DEBUG [HikariPool-1 connection adder][HikariPool.java:728] - HikariPool-1 - Added connection com.mysql.cj.jdbc.ConnectionImpl@e128b69
2023-04-08 01:00:53,826 DEBUG [HikariPool-1 connection adder][HikariPool.java:728] - HikariPool-1 - Added connection com.mysql.cj.jdbc.ConnectionImpl@e128b69
2023-04-08 01:00:53,839 DEBUG [HikariPool-1 connection adder][HikariPool.java:728] - HikariPool-1 - Added connection com.mysql.cj.jdbc.ConnectionImpl@3fd660f0
2023-04-08 01:00:53,839 DEBUG [HikariPool-1 connection adder][HikariPool.java:728] - HikariPool-1 - Added connection com.mysql.cj.jdbc.ConnectionImpl@3fd660f0
2023-04-08 01:00:53,848 DEBUG [HikariPool-1 connection adder][HikariPool.java:728] - HikariPool-1 - Added connection com.mysql.cj.jdbc.ConnectionImpl@6e3d7426
2023-04-08 01:00:53,848 DEBUG [HikariPool-1 connection adder][HikariPool.java:728] - HikariPool-1 - Added connection com.mysql.cj.jdbc.ConnectionImpl@6e3d7426
2023-04-08 01:00:53,858 DEBUG [HikariPool-1 connection adder][HikariPool.java:728] - HikariPool-1 - Added connection com.mysql.cj.jdbc.ConnectionImpl@6c87a04c
2023-04-08 01:00:53,858 DEBUG [HikariPool-1 connection adder][HikariPool.java:728] - HikariPool-1 - Added connection com.mysql.cj.jdbc.ConnectionImpl@6c87a04c
2023-04-08 01:00:53,868 DEBUG [HikariPool-1 connection adder][HikariPool.java:728] - HikariPool-1 - Added connection com.mysql.cj.jdbc.ConnectionImpl@6a736eaa
2023-04-08 01:00:53,868 DEBUG [HikariPool-1 connection adder][HikariPool.java:728] - HikariPool-1 - Added connection com.mysql.cj.jdbc.ConnectionImpl@6a736eaa
2023-04-08 01:00:53,880 DEBUG [HikariPool-1 connection adder][HikariPool.java:728] - HikariPool-1 - Added connection com.mysql.cj.jdbc.ConnectionImpl@35aa1916
2023-04-08 01:00:53,880 DEBUG [HikariPool-1 connection adder][HikariPool.java:728] - HikariPool-1 - Added connection com.mysql.cj.jdbc.ConnectionImpl@35aa1916
2023-04-08 01:00:53,889 DEBUG [HikariPool-1 connection adder][HikariPool.java:728] - HikariPool-1 - Added connection com.mysql.cj.jdbc.ConnectionImpl@21ffae7c
2023-04-08 01:00:53,889 DEBUG [HikariPool-1 connection adder][HikariPool.java:728] - HikariPool-1 - Added connection com.mysql.cj.jdbc.ConnectionImpl@21ffae7c
2023-04-08 01:00:53,899 DEBUG [HikariPool-1 connection adder][HikariPool.java:728] - HikariPool-1 - Added connection com.mysql.cj.jdbc.ConnectionImpl@528f1e51
2023-04-08 01:00:53,899 DEBUG [HikariPool-1 connection adder][HikariPool.java:728] - HikariPool-1 - Added connection com.mysql.cj.jdbc.ConnectionImpl@528f1e51
2023-04-08 01:00:53,899 DEBUG [HikariPool-1 connection adder][HikariPool.java:421] - HikariPool-1 - After adding stats (total=10, active=0, idle=10, waiting=0)
2023-04-08 01:00:53,899 DEBUG [HikariPool-1 connection adder][HikariPool.java:421] - HikariPool-1 - After adding stats (total=10, active=0, idle=10, waiting=0)
2023-04-08 01:01:23,811 DEBUG [HikariPool-1 housekeeper][HikariPool.java:421] - HikariPool-1 - Pool stats (total=10, active=0, idle=10, waiting=0)
2023-04-08 01:01:23,811 DEBUG [HikariPool-1 housekeeper][HikariPool.java:421] - HikariPool-1 - Pool stats (total=10, active=0, idle=10, waiting=0)
2023-04-08 01:01:23,811 DEBUG [HikariPool-1 housekeeper][HikariPool.java:517] - HikariPool-1 - Fill pool skipped, pool is at sufficient level.
2023-04-08 01:01:23,811 DEBUG [HikariPool-1 housekeeper][HikariPool.java:517] - HikariPool-1 - Fill pool skipped, pool is at sufficient level.
2023-04-08 01:01:53,825 DEBUG [HikariPool-1 housekeeper][HikariPool.java:421] - HikariPool-1 - Pool stats (total=10, active=0, idle=10, waiting=0)
2023-04-08 01:01:53,825 DEBUG [HikariPool-1 housekeeper][HikariPool.java:421] - HikariPool-1 - Pool stats (total=10, active=0, idle=10, waiting=0)
2023-04-08 01:01:53,825 DEBUG [HikariPool-1 housekeeper][HikariPool.java:517] - HikariPool-1 - Fill pool skipped, pool is at sufficient level.
2023-04-08 01:01:53,825 DEBUG [HikariPool-1 housekeeper][HikariPool.java:517] - HikariPool-1 - Fill pool skipped, pool is at sufficient level.
2023-04-08 01:02:23,836 DEBUG [HikariPool-1 housekeeper][HikariPool.java:421] - HikariPool-1 - Pool stats (total=10, active=0, idle=10, waiting=0)
2023-04-08 01:02:23,836 DEBUG [HikariPool-1 housekeeper][HikariPool.java:421] - HikariPool-1 - Pool stats (total=10, active=0, idle=10, waiting=0)
2023-04-08 01:02:23,836 DEBUG [HikariPool-1 housekeeper][HikariPool.java:517] - HikariPool-1 - Fill pool skipped, pool is at sufficient level.
2023-04-08 01:02:23,836 DEBUG [HikariPool-1 housekeeper][HikariPool.java:517] - HikariPool-1 - Fill pool skipped, pool is at sufficient level.
2023-04-08 01:02:53,837 DEBUG [HikariPool-1 housekeeper][HikariPool.java:421] - HikariPool-1 - Pool stats (total=10, active=0, idle=10, waiting=0)
2023-04-08 01:02:53,837 DEBUG [HikariPool-1 housekeeper][HikariPool.java:421] - HikariPool-1 - Pool stats (total=10, active=0, idle=10, waiting=0)
2023-04-08 01:02:53,837 DEBUG [HikariPool-1 housekeeper][HikariPool.java:517] - HikariPool-1 - Fill pool skipped, pool is at sufficient level.
2023-04-08 01:02:53,837 DEBUG [HikariPool-1 housekeeper][HikariPool.java:517] - HikariPool-1 - Fill pool skipped, pool is at sufficient level.
2023-04-08 01:03:23,850 DEBUG [HikariPool-1 housekeeper][HikariPool.java:421] - HikariPool-1 - Pool stats (total=10, active=0, idle=10, waiting=0)
2023-04-08 01:03:23,850 DEBUG [HikariPool-1 housekeeper][HikariPool.java:421] - HikariPool-1 - Pool stats (total=10, active=0, idle=10, waiting=0)
2023-04-08 01:03:23,850 DEBUG [HikariPool-1 housekeeper][HikariPool.java:517] - HikariPool-1 - Fill pool skipped, pool is at sufficient level.
2023-04-08 01:03:23,850 DEBUG [HikariPool-1 housekeeper][HikariPool.java:517] - HikariPool-1 - Fill pool skipped, pool is at sufficient level.
2023-04-08 01:03:53,854 DEBUG [HikariPool-1 housekeeper][HikariPool.java:421] - HikariPool-1 - Pool stats (total=10, active=0, idle=10, waiting=0)
2023-04-08 01:03:53,854 DEBUG [HikariPool-1 housekeeper][HikariPool.java:421] - HikariPool-1 - Pool stats (total=10, active=0, idle=10, waiting=0)
2023-04-08 01:03:53,854 DEBUG [HikariPool-1 housekeeper][HikariPool.java:517] - HikariPool-1 - Fill pool skipped, pool is at sufficient level.
2023-04-08 01:03:53,854 DEBUG [HikariPool-1 housekeeper][HikariPool.java:517] - HikariPool-1 - Fill pool skipped, pool is at sufficient level.
2023-04-08 01:04:22,621 DEBUG [http-nio-63110-exec-5][BaseJdbcLogger.java:137] - ==>  Preparing: SELECT id,name,code,item_values FROM dictionary WHERE (code = ?)
2023-04-08 01:04:22,621 DEBUG [http-nio-63110-exec-5][BaseJdbcLogger.java:137] - ==>  Preparing: SELECT id,name,code,item_values FROM dictionary WHERE (code = ?)
2023-04-08 01:04:22,622 DEBUG [http-nio-63110-exec-5][BaseJdbcLogger.java:137] - ==> Parameters: 001(String)
2023-04-08 01:04:22,622 DEBUG [http-nio-63110-exec-5][BaseJdbcLogger.java:137] - ==> Parameters: 001(String)
2023-04-08 01:04:22,626 DEBUG [http-nio-63110-exec-5][BaseJdbcLogger.java:137] - <==      Total: 1
2023-04-08 01:04:22,626 DEBUG [http-nio-63110-exec-5][BaseJdbcLogger.java:137] - <==      Total: 1
2023-04-08 01:04:23,861 DEBUG [HikariPool-1 housekeeper][HikariPool.java:421] - HikariPool-1 - Pool stats (total=10, active=0, idle=10, waiting=0)
2023-04-08 01:04:23,861 DEBUG [HikariPool-1 housekeeper][HikariPool.java:421] - HikariPool-1 - Pool stats (total=10, active=0, idle=10, waiting=0)
2023-04-08 01:04:23,862 DEBUG [HikariPool-1 housekeeper][HikariPool.java:517] - HikariPool-1 - Fill pool skipped, pool is at sufficient level.
2023-04-08 01:04:23,862 DEBUG [HikariPool-1 housekeeper][HikariPool.java:517] - HikariPool-1 - Fill pool skipped, pool is at sufficient level.
2023-04-08 01:04:30,949 INFO [SpringContextShutdownHook][ExecutorConfigurationSupport.java:218] - Shutting down ExecutorService 'taskScheduler'
2023-04-08 01:04:30,949 INFO [SpringContextShutdownHook][ExecutorConfigurationSupport.java:218] - Shutting down ExecutorService 'taskScheduler'
2023-04-08 01:04:30,950 INFO [SpringContextShutdownHook][ExecutorConfigurationSupport.java:218] - Shutting down ExecutorService 'applicationTaskExecutor'
2023-04-08 01:04:30,950 INFO [SpringContextShutdownHook][ExecutorConfigurationSupport.java:218] - Shutting down ExecutorService 'applicationTaskExecutor'
2023-04-08 01:04:30,952 INFO [SpringContextShutdownHook][HikariDataSource.java:350] - HikariPool-1 - Shutdown initiated...
2023-04-08 01:04:30,952 INFO [SpringContextShutdownHook][HikariDataSource.java:350] - HikariPool-1 - Shutdown initiated...
2023-04-08 01:04:30,953 DEBUG [SpringContextShutdownHook][HikariPool.java:421] - HikariPool-1 - Before shutdown stats (total=10, active=0, idle=10, waiting=0)
2023-04-08 01:04:30,953 DEBUG [SpringContextShutdownHook][HikariPool.java:421] - HikariPool-1 - Before shutdown stats (total=10, active=0, idle=10, waiting=0)
2023-04-08 01:04:30,954 DEBUG [HikariPool-1 connection closer][PoolBase.java:134] - HikariPool-1 - Closing connection com.mysql.cj.jdbc.ConnectionImpl@5b3d5bde: (connection evicted)
2023-04-08 01:04:30,954 DEBUG [HikariPool-1 connection closer][PoolBase.java:134] - HikariPool-1 - Closing connection com.mysql.cj.jdbc.ConnectionImpl@5b3d5bde: (connection evicted)
2023-04-08 01:04:30,958 DEBUG [HikariPool-1 connection closer][PoolBase.java:134] - HikariPool-1 - Closing connection com.mysql.cj.jdbc.ConnectionImpl@4f2f8152: (connection evicted)
2023-04-08 01:04:30,958 DEBUG [HikariPool-1 connection closer][PoolBase.java:134] - HikariPool-1 - Closing connection com.mysql.cj.jdbc.ConnectionImpl@4f2f8152: (connection evicted)
2023-04-08 01:04:30,958 DEBUG [HikariPool-1 connection closer][PoolBase.java:134] - HikariPool-1 - Closing connection com.mysql.cj.jdbc.ConnectionImpl@e128b69: (connection evicted)
2023-04-08 01:04:30,958 DEBUG [HikariPool-1 connection closer][PoolBase.java:134] - HikariPool-1 - Closing connection com.mysql.cj.jdbc.ConnectionImpl@e128b69: (connection evicted)
2023-04-08 01:04:30,959 DEBUG [HikariPool-1 connection closer][PoolBase.java:134] - HikariPool-1 - Closing connection com.mysql.cj.jdbc.ConnectionImpl@3fd660f0: (connection evicted)
2023-04-08 01:04:30,959 DEBUG [HikariPool-1 connection closer][PoolBase.java:134] - HikariPool-1 - Closing connection com.mysql.cj.jdbc.ConnectionImpl@3fd660f0: (connection evicted)
2023-04-08 01:04:30,959 DEBUG [HikariPool-1 connection closer][PoolBase.java:134] - HikariPool-1 - Closing connection com.mysql.cj.jdbc.ConnectionImpl@6e3d7426: (connection evicted)
2023-04-08 01:04:30,959 DEBUG [HikariPool-1 connection closer][PoolBase.java:134] - HikariPool-1 - Closing connection com.mysql.cj.jdbc.ConnectionImpl@6e3d7426: (connection evicted)
2023-04-08 01:04:30,959 DEBUG [HikariPool-1 connection closer][PoolBase.java:134] - HikariPool-1 - Closing connection com.mysql.cj.jdbc.ConnectionImpl@6c87a04c: (connection evicted)
2023-04-08 01:04:30,959 DEBUG [HikariPool-1 connection closer][PoolBase.java:134] - HikariPool-1 - Closing connection com.mysql.cj.jdbc.ConnectionImpl@6c87a04c: (connection evicted)
2023-04-08 01:04:30,959 DEBUG [HikariPool-1 connection closer][PoolBase.java:134] - HikariPool-1 - Closing connection com.mysql.cj.jdbc.ConnectionImpl@6a736eaa: (connection evicted)
2023-04-08 01:04:30,959 DEBUG [HikariPool-1 connection closer][PoolBase.java:134] - HikariPool-1 - Closing connection com.mysql.cj.jdbc.ConnectionImpl@6a736eaa: (connection evicted)
2023-04-08 01:04:30,960 DEBUG [HikariPool-1 connection closer][PoolBase.java:134] - HikariPool-1 - Closing connection com.mysql.cj.jdbc.ConnectionImpl@35aa1916: (connection evicted)
2023-04-08 01:04:30,960 DEBUG [HikariPool-1 connection closer][PoolBase.java:134] - HikariPool-1 - Closing connection com.mysql.cj.jdbc.ConnectionImpl@35aa1916: (connection evicted)
2023-04-08 01:04:30,960 DEBUG [HikariPool-1 connection closer][PoolBase.java:134] - HikariPool-1 - Closing connection com.mysql.cj.jdbc.ConnectionImpl@21ffae7c: (connection evicted)
2023-04-08 01:04:30,960 DEBUG [HikariPool-1 connection closer][PoolBase.java:134] - HikariPool-1 - Closing connection com.mysql.cj.jdbc.ConnectionImpl@21ffae7c: (connection evicted)
2023-04-08 01:04:30,960 DEBUG [HikariPool-1 connection closer][PoolBase.java:134] - HikariPool-1 - Closing connection com.mysql.cj.jdbc.ConnectionImpl@528f1e51: (connection evicted)
2023-04-08 01:04:30,960 DEBUG [HikariPool-1 connection closer][PoolBase.java:134] - HikariPool-1 - Closing connection com.mysql.cj.jdbc.ConnectionImpl@528f1e51: (connection evicted)
2023-04-08 01:04:30,961 DEBUG [SpringContextShutdownHook][HikariPool.java:421] - HikariPool-1 - After shutdown stats (total=0, active=0, idle=0, waiting=0)
2023-04-08 01:04:30,961 DEBUG [SpringContextShutdownHook][HikariPool.java:421] - HikariPool-1 - After shutdown stats (total=0, active=0, idle=0, waiting=0)
2023-04-08 01:04:30,961 INFO [SpringContextShutdownHook][HikariDataSource.java:352] - HikariPool-1 - Shutdown completed.
2023-04-08 01:04:30,961 INFO [SpringContextShutdownHook][HikariDataSource.java:352] - HikariPool-1 - Shutdown completed.
