2023-04-13 02:00:04,445 DEBUG [HikariPool-1 housekeeper][HikariPool.java:421] - HikariPool-1 - Pool stats (total=10, active=0, idle=10, waiting=0)
2023-04-13 02:00:04,445 DEBUG [HikariPool-1 housekeeper][HikariPool.java:421] - HikariPool-1 - Pool stats (total=10, active=0, idle=10, waiting=0)
2023-04-13 02:00:04,457 DEBUG [HikariPool-1 housekeeper][HikariPool.java:517] - HikariPool-1 - Fill pool skipped, pool is at sufficient level.
2023-04-13 02:00:04,457 DEBUG [HikariPool-1 housekeeper][HikariPool.java:517] - HikariPool-1 - Fill pool skipped, pool is at sufficient level.
2023-04-13 02:00:26,373 DEBUG [http-nio-63040-exec-6][LogFormatUtils.java:91] - GET "/content/course-category/tree-nodes", parameters={}
2023-04-13 02:00:26,373 DEBUG [http-nio-63040-exec-6][LogFormatUtils.java:91] - GET "/content/course-category/tree-nodes", parameters={}
2023-04-13 02:00:26,373 DEBUG [http-nio-63040-exec-6][AbstractHandlerMapping.java:415] - Mapped to com.checo.moocmini.content.api.CourseCategoryController#queryCourseCategoryTreeNodes()
2023-04-13 02:00:26,373 DEBUG [http-nio-63040-exec-6][AbstractHandlerMapping.java:415] - Mapped to com.checo.moocmini.content.api.CourseCategoryController#queryCourseCategoryTreeNodes()
2023-04-13 02:00:26,374 DEBUG [http-nio-63040-exec-6][Logger.java:49] - Creating a new SqlSession
2023-04-13 02:00:26,374 DEBUG [http-nio-63040-exec-6][Logger.java:49] - Creating a new SqlSession
2023-04-13 02:00:26,374 DEBUG [http-nio-63040-exec-6][Logger.java:49] - SqlSession [org.apache.ibatis.session.defaults.DefaultSqlSession@7931dacc] was not registered for synchronization because synchronization is not active
2023-04-13 02:00:26,374 DEBUG [http-nio-63040-exec-6][Logger.java:49] - SqlSession [org.apache.ibatis.session.defaults.DefaultSqlSession@7931dacc] was not registered for synchronization because synchronization is not active
2023-04-13 02:00:26,375 DEBUG [http-nio-63040-exec-6][DataSourceUtils.java:115] - Fetching JDBC Connection from DataSource
2023-04-13 02:00:26,375 DEBUG [http-nio-63040-exec-6][DataSourceUtils.java:115] - Fetching JDBC Connection from DataSource
2023-04-13 02:00:26,376 DEBUG [http-nio-63040-exec-6][Logger.java:49] - JDBC Connection [HikariProxyConnection@773294208 wrapping com.mysql.cj.jdbc.ConnectionImpl@6b9ff149] will not be managed by Spring
2023-04-13 02:00:26,376 DEBUG [http-nio-63040-exec-6][Logger.java:49] - JDBC Connection [HikariProxyConnection@773294208 wrapping com.mysql.cj.jdbc.ConnectionImpl@6b9ff149] will not be managed by Spring
2023-04-13 02:00:26,376 DEBUG [http-nio-63040-exec-6][BaseJdbcLogger.java:137] - ==>  Preparing: with recursive vitual_table as (select course_category.* from course_category where id = ? union all select course_category.* from course_category inner join vitual_table on vitual_table.id = course_category.parentid) select * from vitual_table order by vitual_table.id
2023-04-13 02:00:26,376 DEBUG [http-nio-63040-exec-6][BaseJdbcLogger.java:137] - ==>  Preparing: with recursive vitual_table as (select course_category.* from course_category where id = ? union all select course_category.* from course_category inner join vitual_table on vitual_table.id = course_category.parentid) select * from vitual_table order by vitual_table.id
2023-04-13 02:00:26,377 DEBUG [http-nio-63040-exec-6][BaseJdbcLogger.java:137] - ==> Parameters: 1(String)
2023-04-13 02:00:26,377 DEBUG [http-nio-63040-exec-6][BaseJdbcLogger.java:137] - ==> Parameters: 1(String)
2023-04-13 02:00:26,381 DEBUG [http-nio-63040-exec-6][BaseJdbcLogger.java:137] - <==      Total: 144
2023-04-13 02:00:26,381 DEBUG [http-nio-63040-exec-6][BaseJdbcLogger.java:137] - <==      Total: 144
2023-04-13 02:00:26,381 DEBUG [http-nio-63040-exec-6][Logger.java:49] - Closing non transactional SqlSession [org.apache.ibatis.session.defaults.DefaultSqlSession@7931dacc]
2023-04-13 02:00:26,381 DEBUG [http-nio-63040-exec-6][Logger.java:49] - Closing non transactional SqlSession [org.apache.ibatis.session.defaults.DefaultSqlSession@7931dacc]
2023-04-13 02:00:26,381 DEBUG [http-nio-63040-exec-6][AbstractMessageConverterMethodProcessor.java:255] - Using 'application/json', given [application/json, text/plain, */*] and supported [application/json, application/*+json, application/json, application/*+json]
2023-04-13 02:00:26,381 DEBUG [http-nio-63040-exec-6][AbstractMessageConverterMethodProcessor.java:255] - Using 'application/json', given [application/json, text/plain, */*] and supported [application/json, application/*+json, application/json, application/*+json]
2023-04-13 02:00:26,382 DEBUG [http-nio-63040-exec-6][LogFormatUtils.java:91] - Writing [[CourseCategoryTreeDto(childrenTreeNodes=[CourseCategoryTreeDto(childrenTreeNodes=null), CourseCateg (truncated)...]
2023-04-13 02:00:26,382 DEBUG [http-nio-63040-exec-6][LogFormatUtils.java:91] - Writing [[CourseCategoryTreeDto(childrenTreeNodes=[CourseCategoryTreeDto(childrenTreeNodes=null), CourseCateg (truncated)...]
2023-04-13 02:00:26,382 DEBUG [http-nio-63040-exec-6][FrameworkServlet.java:1131] - Completed 200 OK
2023-04-13 02:00:26,382 DEBUG [http-nio-63040-exec-6][FrameworkServlet.java:1131] - Completed 200 OK
2023-04-13 02:00:26,676 DEBUG [http-nio-63040-exec-8][LogFormatUtils.java:91] - GET "/content/course/1", parameters={}
2023-04-13 02:00:26,676 DEBUG [http-nio-63040-exec-8][LogFormatUtils.java:91] - GET "/content/course/1", parameters={}
2023-04-13 02:00:26,677 DEBUG [http-nio-63040-exec-8][AbstractHandlerMapping.java:415] - Mapped to com.checo.moocmini.content.api.CourseBaseInfoController#getCourseById(Long)
2023-04-13 02:00:26,677 DEBUG [http-nio-63040-exec-8][AbstractHandlerMapping.java:415] - Mapped to com.checo.moocmini.content.api.CourseBaseInfoController#getCourseById(Long)
2023-04-13 02:00:26,677 DEBUG [http-nio-63040-exec-8][Logger.java:49] - Creating a new SqlSession
2023-04-13 02:00:26,677 DEBUG [http-nio-63040-exec-8][Logger.java:49] - Creating a new SqlSession
2023-04-13 02:00:26,678 DEBUG [http-nio-63040-exec-8][Logger.java:49] - SqlSession [org.apache.ibatis.session.defaults.DefaultSqlSession@192b7d13] was not registered for synchronization because synchronization is not active
2023-04-13 02:00:26,678 DEBUG [http-nio-63040-exec-8][Logger.java:49] - SqlSession [org.apache.ibatis.session.defaults.DefaultSqlSession@192b7d13] was not registered for synchronization because synchronization is not active
2023-04-13 02:00:26,678 DEBUG [http-nio-63040-exec-8][DataSourceUtils.java:115] - Fetching JDBC Connection from DataSource
2023-04-13 02:00:26,678 DEBUG [http-nio-63040-exec-8][DataSourceUtils.java:115] - Fetching JDBC Connection from DataSource
2023-04-13 02:00:26,679 DEBUG [http-nio-63040-exec-8][Logger.java:49] - JDBC Connection [HikariProxyConnection@1190388597 wrapping com.mysql.cj.jdbc.ConnectionImpl@42a7bbb4] will not be managed by Spring
2023-04-13 02:00:26,679 DEBUG [http-nio-63040-exec-8][Logger.java:49] - JDBC Connection [HikariProxyConnection@1190388597 wrapping com.mysql.cj.jdbc.ConnectionImpl@42a7bbb4] will not be managed by Spring
2023-04-13 02:00:26,679 DEBUG [http-nio-63040-exec-8][BaseJdbcLogger.java:137] - ==>  Preparing: SELECT id,company_id,company_name,name,users,tags,mt,st,grade,teachmode,description,pic,create_date,change_date,create_people,change_people,audit_status,status FROM course_base WHERE id=?
2023-04-13 02:00:26,679 DEBUG [http-nio-63040-exec-8][BaseJdbcLogger.java:137] - ==>  Preparing: SELECT id,company_id,company_name,name,users,tags,mt,st,grade,teachmode,description,pic,create_date,change_date,create_people,change_people,audit_status,status FROM course_base WHERE id=?
2023-04-13 02:00:26,679 DEBUG [http-nio-63040-exec-8][BaseJdbcLogger.java:137] - ==> Parameters: 1(Long)
2023-04-13 02:00:26,679 DEBUG [http-nio-63040-exec-8][BaseJdbcLogger.java:137] - ==> Parameters: 1(Long)
2023-04-13 02:00:26,682 DEBUG [http-nio-63040-exec-8][BaseJdbcLogger.java:137] - <==      Total: 1
2023-04-13 02:00:26,682 DEBUG [http-nio-63040-exec-8][BaseJdbcLogger.java:137] - <==      Total: 1
2023-04-13 02:00:26,682 DEBUG [http-nio-63040-exec-8][Logger.java:49] - Closing non transactional SqlSession [org.apache.ibatis.session.defaults.DefaultSqlSession@192b7d13]
2023-04-13 02:00:26,682 DEBUG [http-nio-63040-exec-8][Logger.java:49] - Closing non transactional SqlSession [org.apache.ibatis.session.defaults.DefaultSqlSession@192b7d13]
2023-04-13 02:00:26,682 DEBUG [http-nio-63040-exec-8][Logger.java:49] - Creating a new SqlSession
2023-04-13 02:00:26,682 DEBUG [http-nio-63040-exec-8][Logger.java:49] - Creating a new SqlSession
2023-04-13 02:00:26,682 DEBUG [http-nio-63040-exec-8][Logger.java:49] - SqlSession [org.apache.ibatis.session.defaults.DefaultSqlSession@3df594eb] was not registered for synchronization because synchronization is not active
2023-04-13 02:00:26,682 DEBUG [http-nio-63040-exec-8][Logger.java:49] - SqlSession [org.apache.ibatis.session.defaults.DefaultSqlSession@3df594eb] was not registered for synchronization because synchronization is not active
2023-04-13 02:00:26,683 DEBUG [http-nio-63040-exec-8][DataSourceUtils.java:115] - Fetching JDBC Connection from DataSource
2023-04-13 02:00:26,683 DEBUG [http-nio-63040-exec-8][DataSourceUtils.java:115] - Fetching JDBC Connection from DataSource
2023-04-13 02:00:26,683 DEBUG [http-nio-63040-exec-8][Logger.java:49] - JDBC Connection [HikariProxyConnection@2138355107 wrapping com.mysql.cj.jdbc.ConnectionImpl@42a7bbb4] will not be managed by Spring
2023-04-13 02:00:26,683 DEBUG [http-nio-63040-exec-8][Logger.java:49] - JDBC Connection [HikariProxyConnection@2138355107 wrapping com.mysql.cj.jdbc.ConnectionImpl@42a7bbb4] will not be managed by Spring
2023-04-13 02:00:26,683 DEBUG [http-nio-63040-exec-8][BaseJdbcLogger.java:137] - ==>  Preparing: SELECT id,charge,price,original_price,qq,wechat,phone,valid_days FROM course_market WHERE id=?
2023-04-13 02:00:26,683 DEBUG [http-nio-63040-exec-8][BaseJdbcLogger.java:137] - ==>  Preparing: SELECT id,charge,price,original_price,qq,wechat,phone,valid_days FROM course_market WHERE id=?
2023-04-13 02:00:26,683 DEBUG [http-nio-63040-exec-8][BaseJdbcLogger.java:137] - ==> Parameters: 1(Long)
2023-04-13 02:00:26,683 DEBUG [http-nio-63040-exec-8][BaseJdbcLogger.java:137] - ==> Parameters: 1(Long)
2023-04-13 02:00:26,684 DEBUG [http-nio-63040-exec-8][BaseJdbcLogger.java:137] - <==      Total: 1
2023-04-13 02:00:26,684 DEBUG [http-nio-63040-exec-8][BaseJdbcLogger.java:137] - <==      Total: 1
2023-04-13 02:00:26,685 DEBUG [http-nio-63040-exec-8][Logger.java:49] - Closing non transactional SqlSession [org.apache.ibatis.session.defaults.DefaultSqlSession@3df594eb]
2023-04-13 02:00:26,685 DEBUG [http-nio-63040-exec-8][Logger.java:49] - Closing non transactional SqlSession [org.apache.ibatis.session.defaults.DefaultSqlSession@3df594eb]
2023-04-13 02:00:26,685 DEBUG [http-nio-63040-exec-8][Logger.java:49] - Creating a new SqlSession
2023-04-13 02:00:26,685 DEBUG [http-nio-63040-exec-8][Logger.java:49] - Creating a new SqlSession
2023-04-13 02:00:26,685 DEBUG [http-nio-63040-exec-8][Logger.java:49] - SqlSession [org.apache.ibatis.session.defaults.DefaultSqlSession@51b3d465] was not registered for synchronization because synchronization is not active
2023-04-13 02:00:26,685 DEBUG [http-nio-63040-exec-8][Logger.java:49] - SqlSession [org.apache.ibatis.session.defaults.DefaultSqlSession@51b3d465] was not registered for synchronization because synchronization is not active
2023-04-13 02:00:26,685 DEBUG [http-nio-63040-exec-8][DataSourceUtils.java:115] - Fetching JDBC Connection from DataSource
2023-04-13 02:00:26,685 DEBUG [http-nio-63040-exec-8][DataSourceUtils.java:115] - Fetching JDBC Connection from DataSource
2023-04-13 02:00:26,685 DEBUG [http-nio-63040-exec-8][Logger.java:49] - JDBC Connection [HikariProxyConnection@1081098356 wrapping com.mysql.cj.jdbc.ConnectionImpl@42a7bbb4] will not be managed by Spring
2023-04-13 02:00:26,685 DEBUG [http-nio-63040-exec-8][Logger.java:49] - JDBC Connection [HikariProxyConnection@1081098356 wrapping com.mysql.cj.jdbc.ConnectionImpl@42a7bbb4] will not be managed by Spring
2023-04-13 02:00:26,686 DEBUG [http-nio-63040-exec-8][BaseJdbcLogger.java:137] - ==>  Preparing: SELECT id,name,label,parentid,is_show,orderby,is_leaf FROM course_category WHERE id=?
2023-04-13 02:00:26,686 DEBUG [http-nio-63040-exec-8][BaseJdbcLogger.java:137] - ==>  Preparing: SELECT id,name,label,parentid,is_show,orderby,is_leaf FROM course_category WHERE id=?
2023-04-13 02:00:26,686 DEBUG [http-nio-63040-exec-8][BaseJdbcLogger.java:137] - ==> Parameters: 1(String)
2023-04-13 02:00:26,686 DEBUG [http-nio-63040-exec-8][BaseJdbcLogger.java:137] - ==> Parameters: 1(String)
2023-04-13 02:00:26,687 DEBUG [http-nio-63040-exec-8][BaseJdbcLogger.java:137] - <==      Total: 1
2023-04-13 02:00:26,687 DEBUG [http-nio-63040-exec-8][BaseJdbcLogger.java:137] - <==      Total: 1
2023-04-13 02:00:26,688 DEBUG [http-nio-63040-exec-8][Logger.java:49] - Closing non transactional SqlSession [org.apache.ibatis.session.defaults.DefaultSqlSession@51b3d465]
2023-04-13 02:00:26,688 DEBUG [http-nio-63040-exec-8][Logger.java:49] - Closing non transactional SqlSession [org.apache.ibatis.session.defaults.DefaultSqlSession@51b3d465]
2023-04-13 02:00:26,688 DEBUG [http-nio-63040-exec-8][Logger.java:49] - Creating a new SqlSession
2023-04-13 02:00:26,688 DEBUG [http-nio-63040-exec-8][Logger.java:49] - Creating a new SqlSession
2023-04-13 02:00:26,688 DEBUG [http-nio-63040-exec-8][Logger.java:49] - SqlSession [org.apache.ibatis.session.defaults.DefaultSqlSession@1473a0c8] was not registered for synchronization because synchronization is not active
2023-04-13 02:00:26,688 DEBUG [http-nio-63040-exec-8][Logger.java:49] - SqlSession [org.apache.ibatis.session.defaults.DefaultSqlSession@1473a0c8] was not registered for synchronization because synchronization is not active
2023-04-13 02:00:26,688 DEBUG [http-nio-63040-exec-8][DataSourceUtils.java:115] - Fetching JDBC Connection from DataSource
2023-04-13 02:00:26,688 DEBUG [http-nio-63040-exec-8][DataSourceUtils.java:115] - Fetching JDBC Connection from DataSource
2023-04-13 02:00:26,688 DEBUG [http-nio-63040-exec-8][Logger.java:49] - JDBC Connection [HikariProxyConnection@1538019039 wrapping com.mysql.cj.jdbc.ConnectionImpl@42a7bbb4] will not be managed by Spring
2023-04-13 02:00:26,688 DEBUG [http-nio-63040-exec-8][Logger.java:49] - JDBC Connection [HikariProxyConnection@1538019039 wrapping com.mysql.cj.jdbc.ConnectionImpl@42a7bbb4] will not be managed by Spring
2023-04-13 02:00:26,688 DEBUG [http-nio-63040-exec-8][BaseJdbcLogger.java:137] - ==>  Preparing: SELECT id,name,label,parentid,is_show,orderby,is_leaf FROM course_category WHERE id=?
2023-04-13 02:00:26,688 DEBUG [http-nio-63040-exec-8][BaseJdbcLogger.java:137] - ==>  Preparing: SELECT id,name,label,parentid,is_show,orderby,is_leaf FROM course_category WHERE id=?
2023-04-13 02:00:26,689 DEBUG [http-nio-63040-exec-8][BaseJdbcLogger.java:137] - ==> Parameters: 1-3-2(String)
2023-04-13 02:00:26,689 DEBUG [http-nio-63040-exec-8][BaseJdbcLogger.java:137] - ==> Parameters: 1-3-2(String)
2023-04-13 02:00:26,690 DEBUG [http-nio-63040-exec-8][BaseJdbcLogger.java:137] - <==      Total: 1
2023-04-13 02:00:26,690 DEBUG [http-nio-63040-exec-8][BaseJdbcLogger.java:137] - <==      Total: 1
2023-04-13 02:00:26,690 DEBUG [http-nio-63040-exec-8][Logger.java:49] - Closing non transactional SqlSession [org.apache.ibatis.session.defaults.DefaultSqlSession@1473a0c8]
2023-04-13 02:00:26,690 DEBUG [http-nio-63040-exec-8][Logger.java:49] - Closing non transactional SqlSession [org.apache.ibatis.session.defaults.DefaultSqlSession@1473a0c8]
2023-04-13 02:00:26,691 DEBUG [http-nio-63040-exec-8][AbstractMessageConverterMethodProcessor.java:255] - Using 'application/json', given [application/json, text/plain, */*] and supported [application/json, application/*+json, application/json, application/*+json]
2023-04-13 02:00:26,691 DEBUG [http-nio-63040-exec-8][AbstractMessageConverterMethodProcessor.java:255] - Using 'application/json', given [application/json, text/plain, */*] and supported [application/json, application/*+json, application/json, application/*+json]
2023-04-13 02:00:26,691 DEBUG [http-nio-63040-exec-8][LogFormatUtils.java:91] - Writing [CourseBaseInfoDto(charge=201001, price=5.0, originalPrice=100.0, qq=1, wechat=1, phone=1, validDays= (truncated)...]
2023-04-13 02:00:26,691 DEBUG [http-nio-63040-exec-8][LogFormatUtils.java:91] - Writing [CourseBaseInfoDto(charge=201001, price=5.0, originalPrice=100.0, qq=1, wechat=1, phone=1, validDays= (truncated)...]
2023-04-13 02:00:26,691 DEBUG [http-nio-63040-exec-8][FrameworkServlet.java:1131] - Completed 200 OK
2023-04-13 02:00:26,691 DEBUG [http-nio-63040-exec-8][FrameworkServlet.java:1131] - Completed 200 OK
2023-04-13 02:00:28,651 DEBUG [http-nio-63040-exec-7][LogFormatUtils.java:91] - PUT "/content/course", parameters={}
2023-04-13 02:00:28,651 DEBUG [http-nio-63040-exec-7][LogFormatUtils.java:91] - PUT "/content/course", parameters={}
2023-04-13 02:00:28,651 DEBUG [http-nio-63040-exec-7][AbstractHandlerMapping.java:415] - Mapped to com.checo.moocmini.content.api.CourseBaseInfoController#modifyCourseBase(EditCourseDto)
2023-04-13 02:00:28,651 DEBUG [http-nio-63040-exec-7][AbstractHandlerMapping.java:415] - Mapped to com.checo.moocmini.content.api.CourseBaseInfoController#modifyCourseBase(EditCourseDto)
2023-04-13 02:00:28,652 DEBUG [http-nio-63040-exec-7][LogFormatUtils.java:91] - Read "application/json;charset=UTF-8" to [EditCourseDto(id=1)]
2023-04-13 02:00:28,652 DEBUG [http-nio-63040-exec-7][LogFormatUtils.java:91] - Read "application/json;charset=UTF-8" to [EditCourseDto(id=1)]
2023-04-13 02:00:28,652 DEBUG [http-nio-63040-exec-7][AbstractPlatformTransactionManager.java:370] - Creating new transaction with name [com.checo.moocmini.content.service.impl.CourseBaseInfoServiceImpl.modifyCourseBase]: PROPAGATION_REQUIRED,ISOLATION_DEFAULT
2023-04-13 02:00:28,652 DEBUG [http-nio-63040-exec-7][AbstractPlatformTransactionManager.java:370] - Creating new transaction with name [com.checo.moocmini.content.service.impl.CourseBaseInfoServiceImpl.modifyCourseBase]: PROPAGATION_REQUIRED,ISOLATION_DEFAULT
2023-04-13 02:00:28,653 DEBUG [http-nio-63040-exec-7][DataSourceTransactionManager.java:263] - Acquired Connection [HikariProxyConnection@793926548 wrapping com.mysql.cj.jdbc.ConnectionImpl@6b9ff149] for JDBC transaction
2023-04-13 02:00:28,653 DEBUG [http-nio-63040-exec-7][DataSourceTransactionManager.java:263] - Acquired Connection [HikariProxyConnection@793926548 wrapping com.mysql.cj.jdbc.ConnectionImpl@6b9ff149] for JDBC transaction
2023-04-13 02:00:28,653 DEBUG [http-nio-63040-exec-7][DataSourceTransactionManager.java:281] - Switching JDBC Connection [HikariProxyConnection@793926548 wrapping com.mysql.cj.jdbc.ConnectionImpl@6b9ff149] to manual commit
2023-04-13 02:00:28,653 DEBUG [http-nio-63040-exec-7][DataSourceTransactionManager.java:281] - Switching JDBC Connection [HikariProxyConnection@793926548 wrapping com.mysql.cj.jdbc.ConnectionImpl@6b9ff149] to manual commit
2023-04-13 02:00:28,654 DEBUG [http-nio-63040-exec-7][Logger.java:49] - Creating a new SqlSession
2023-04-13 02:00:28,654 DEBUG [http-nio-63040-exec-7][Logger.java:49] - Creating a new SqlSession
2023-04-13 02:00:28,654 DEBUG [http-nio-63040-exec-7][Logger.java:49] - Registering transaction synchronization for SqlSession [org.apache.ibatis.session.defaults.DefaultSqlSession@2e6c71a0]
2023-04-13 02:00:28,654 DEBUG [http-nio-63040-exec-7][Logger.java:49] - Registering transaction synchronization for SqlSession [org.apache.ibatis.session.defaults.DefaultSqlSession@2e6c71a0]
2023-04-13 02:00:28,654 DEBUG [http-nio-63040-exec-7][Logger.java:49] - JDBC Connection [HikariProxyConnection@793926548 wrapping com.mysql.cj.jdbc.ConnectionImpl@6b9ff149] will be managed by Spring
2023-04-13 02:00:28,654 DEBUG [http-nio-63040-exec-7][Logger.java:49] - JDBC Connection [HikariProxyConnection@793926548 wrapping com.mysql.cj.jdbc.ConnectionImpl@6b9ff149] will be managed by Spring
2023-04-13 02:00:28,655 DEBUG [http-nio-63040-exec-7][BaseJdbcLogger.java:137] - ==>  Preparing: SELECT id,company_id,company_name,name,users,tags,mt,st,grade,teachmode,description,pic,create_date,change_date,create_people,change_people,audit_status,status FROM course_base WHERE id=?
2023-04-13 02:00:28,655 DEBUG [http-nio-63040-exec-7][BaseJdbcLogger.java:137] - ==>  Preparing: SELECT id,company_id,company_name,name,users,tags,mt,st,grade,teachmode,description,pic,create_date,change_date,create_people,change_people,audit_status,status FROM course_base WHERE id=?
2023-04-13 02:00:28,655 DEBUG [http-nio-63040-exec-7][BaseJdbcLogger.java:137] - ==> Parameters: 1(Long)
2023-04-13 02:00:28,655 DEBUG [http-nio-63040-exec-7][BaseJdbcLogger.java:137] - ==> Parameters: 1(Long)
2023-04-13 02:00:28,656 DEBUG [http-nio-63040-exec-7][BaseJdbcLogger.java:137] - <==      Total: 1
2023-04-13 02:00:28,656 DEBUG [http-nio-63040-exec-7][BaseJdbcLogger.java:137] - <==      Total: 1
2023-04-13 02:00:28,656 DEBUG [http-nio-63040-exec-7][Logger.java:49] - Releasing transactional SqlSession [org.apache.ibatis.session.defaults.DefaultSqlSession@2e6c71a0]
2023-04-13 02:00:28,656 DEBUG [http-nio-63040-exec-7][Logger.java:49] - Releasing transactional SqlSession [org.apache.ibatis.session.defaults.DefaultSqlSession@2e6c71a0]
2023-04-13 02:00:28,656 DEBUG [http-nio-63040-exec-7][Logger.java:49] - Fetched SqlSession [org.apache.ibatis.session.defaults.DefaultSqlSession@2e6c71a0] from current transaction
2023-04-13 02:00:28,656 DEBUG [http-nio-63040-exec-7][Logger.java:49] - Fetched SqlSession [org.apache.ibatis.session.defaults.DefaultSqlSession@2e6c71a0] from current transaction
2023-04-13 02:00:28,657 DEBUG [http-nio-63040-exec-7][BaseJdbcLogger.java:137] - ==>  Preparing: UPDATE course_base SET company_id=?, company_name=?, name=?, users=?, tags=?, mt=?, st=?, grade=?, teachmode=?, pic=?, create_date=?, change_date=?, create_people=?, audit_status=?, status=? WHERE id=?
2023-04-13 02:00:28,657 DEBUG [http-nio-63040-exec-7][BaseJdbcLogger.java:137] - ==>  Preparing: UPDATE course_base SET company_id=?, company_name=?, name=?, users=?, tags=?, mt=?, st=?, grade=?, teachmode=?, pic=?, create_date=?, change_date=?, create_people=?, audit_status=?, status=? WHERE id=?
2023-04-13 02:00:28,657 DEBUG [http-nio-63040-exec-7][BaseJdbcLogger.java:137] - ==> Parameters: 1232141425(Long), (String), JAVA8/9/10新特性讲解(String), java爱好者，有一定java基础(String), 有个java 版本变化的新内容，帮助大家使用最新的工具(String), 1(String), 1-3-2(String), 204002(String), 200002(String), https://cdn.educba.com/academy/wp-content/uploads/2018/08/Spring-BOOT-Interview-questions.jpg(String), 2019-09-03T17:48:19(LocalDateTime), 2023-04-13T02:00:28.656(LocalDateTime), 1(String), 202004(String), 203001(String), 1(Long)
2023-04-13 02:00:28,657 DEBUG [http-nio-63040-exec-7][BaseJdbcLogger.java:137] - ==> Parameters: 1232141425(Long), (String), JAVA8/9/10新特性讲解(String), java爱好者，有一定java基础(String), 有个java 版本变化的新内容，帮助大家使用最新的工具(String), 1(String), 1-3-2(String), 204002(String), 200002(String), https://cdn.educba.com/academy/wp-content/uploads/2018/08/Spring-BOOT-Interview-questions.jpg(String), 2019-09-03T17:48:19(LocalDateTime), 2023-04-13T02:00:28.656(LocalDateTime), 1(String), 202004(String), 203001(String), 1(Long)
2023-04-13 02:00:28,660 DEBUG [http-nio-63040-exec-7][BaseJdbcLogger.java:137] - <==    Updates: 1
2023-04-13 02:00:28,660 DEBUG [http-nio-63040-exec-7][BaseJdbcLogger.java:137] - <==    Updates: 1
2023-04-13 02:00:28,660 DEBUG [http-nio-63040-exec-7][Logger.java:49] - Releasing transactional SqlSession [org.apache.ibatis.session.defaults.DefaultSqlSession@2e6c71a0]
2023-04-13 02:00:28,660 DEBUG [http-nio-63040-exec-7][Logger.java:49] - Releasing transactional SqlSession [org.apache.ibatis.session.defaults.DefaultSqlSession@2e6c71a0]
2023-04-13 02:00:28,660 DEBUG [http-nio-63040-exec-7][Logger.java:49] - Fetched SqlSession [org.apache.ibatis.session.defaults.DefaultSqlSession@2e6c71a0] from current transaction
2023-04-13 02:00:28,660 DEBUG [http-nio-63040-exec-7][Logger.java:49] - Fetched SqlSession [org.apache.ibatis.session.defaults.DefaultSqlSession@2e6c71a0] from current transaction
2023-04-13 02:00:28,660 DEBUG [http-nio-63040-exec-7][BaseJdbcLogger.java:137] - ==>  Preparing: SELECT id,charge,price,original_price,qq,wechat,phone,valid_days FROM course_market WHERE id=?
2023-04-13 02:00:28,660 DEBUG [http-nio-63040-exec-7][BaseJdbcLogger.java:137] - ==>  Preparing: SELECT id,charge,price,original_price,qq,wechat,phone,valid_days FROM course_market WHERE id=?
2023-04-13 02:00:28,660 DEBUG [http-nio-63040-exec-7][BaseJdbcLogger.java:137] - ==> Parameters: 1(Long)
2023-04-13 02:00:28,660 DEBUG [http-nio-63040-exec-7][BaseJdbcLogger.java:137] - ==> Parameters: 1(Long)
2023-04-13 02:00:28,661 DEBUG [http-nio-63040-exec-7][BaseJdbcLogger.java:137] - <==      Total: 1
2023-04-13 02:00:28,661 DEBUG [http-nio-63040-exec-7][BaseJdbcLogger.java:137] - <==      Total: 1
2023-04-13 02:00:28,661 DEBUG [http-nio-63040-exec-7][Logger.java:49] - Releasing transactional SqlSession [org.apache.ibatis.session.defaults.DefaultSqlSession@2e6c71a0]
2023-04-13 02:00:28,661 DEBUG [http-nio-63040-exec-7][Logger.java:49] - Releasing transactional SqlSession [org.apache.ibatis.session.defaults.DefaultSqlSession@2e6c71a0]
2023-04-13 02:00:28,661 DEBUG [http-nio-63040-exec-7][Logger.java:49] - Fetched SqlSession [org.apache.ibatis.session.defaults.DefaultSqlSession@2e6c71a0] from current transaction
2023-04-13 02:00:28,661 DEBUG [http-nio-63040-exec-7][Logger.java:49] - Fetched SqlSession [org.apache.ibatis.session.defaults.DefaultSqlSession@2e6c71a0] from current transaction
2023-04-13 02:00:28,662 DEBUG [http-nio-63040-exec-7][BaseJdbcLogger.java:137] - ==>  Preparing: UPDATE course_market SET charge=?, price=?, original_price=?, qq=?, wechat=?, phone=?, valid_days=? WHERE id=?
2023-04-13 02:00:28,662 DEBUG [http-nio-63040-exec-7][BaseJdbcLogger.java:137] - ==>  Preparing: UPDATE course_market SET charge=?, price=?, original_price=?, qq=?, wechat=?, phone=?, valid_days=? WHERE id=?
2023-04-13 02:00:28,662 DEBUG [http-nio-63040-exec-7][BaseJdbcLogger.java:137] - ==> Parameters: 201001(String), 5.0(Float), 100.0(Float), 1(String), 1(String), 1(String), 1(Integer), 1(Long)
2023-04-13 02:00:28,662 DEBUG [http-nio-63040-exec-7][BaseJdbcLogger.java:137] - ==> Parameters: 201001(String), 5.0(Float), 100.0(Float), 1(String), 1(String), 1(String), 1(Integer), 1(Long)
2023-04-13 02:00:28,663 DEBUG [http-nio-63040-exec-7][BaseJdbcLogger.java:137] - <==    Updates: 1
2023-04-13 02:00:28,663 DEBUG [http-nio-63040-exec-7][BaseJdbcLogger.java:137] - <==    Updates: 1
2023-04-13 02:00:28,663 DEBUG [http-nio-63040-exec-7][Logger.java:49] - Releasing transactional SqlSession [org.apache.ibatis.session.defaults.DefaultSqlSession@2e6c71a0]
2023-04-13 02:00:28,663 DEBUG [http-nio-63040-exec-7][Logger.java:49] - Releasing transactional SqlSession [org.apache.ibatis.session.defaults.DefaultSqlSession@2e6c71a0]
2023-04-13 02:00:28,664 DEBUG [http-nio-63040-exec-7][Logger.java:49] - Fetched SqlSession [org.apache.ibatis.session.defaults.DefaultSqlSession@2e6c71a0] from current transaction
2023-04-13 02:00:28,664 DEBUG [http-nio-63040-exec-7][Logger.java:49] - Fetched SqlSession [org.apache.ibatis.session.defaults.DefaultSqlSession@2e6c71a0] from current transaction
2023-04-13 02:00:28,664 DEBUG [http-nio-63040-exec-7][BaseJdbcLogger.java:137] - ==>  Preparing: SELECT id,company_id,company_name,name,users,tags,mt,st,grade,teachmode,description,pic,create_date,change_date,create_people,change_people,audit_status,status FROM course_base WHERE id=?
2023-04-13 02:00:28,664 DEBUG [http-nio-63040-exec-7][BaseJdbcLogger.java:137] - ==>  Preparing: SELECT id,company_id,company_name,name,users,tags,mt,st,grade,teachmode,description,pic,create_date,change_date,create_people,change_people,audit_status,status FROM course_base WHERE id=?
2023-04-13 02:00:28,664 DEBUG [http-nio-63040-exec-7][BaseJdbcLogger.java:137] - ==> Parameters: 1(Long)
2023-04-13 02:00:28,664 DEBUG [http-nio-63040-exec-7][BaseJdbcLogger.java:137] - ==> Parameters: 1(Long)
2023-04-13 02:00:28,666 DEBUG [http-nio-63040-exec-7][BaseJdbcLogger.java:137] - <==      Total: 1
2023-04-13 02:00:28,666 DEBUG [http-nio-63040-exec-7][BaseJdbcLogger.java:137] - <==      Total: 1
2023-04-13 02:00:28,667 DEBUG [http-nio-63040-exec-7][Logger.java:49] - Releasing transactional SqlSession [org.apache.ibatis.session.defaults.DefaultSqlSession@2e6c71a0]
2023-04-13 02:00:28,667 DEBUG [http-nio-63040-exec-7][Logger.java:49] - Releasing transactional SqlSession [org.apache.ibatis.session.defaults.DefaultSqlSession@2e6c71a0]
2023-04-13 02:00:28,667 DEBUG [http-nio-63040-exec-7][Logger.java:49] - Fetched SqlSession [org.apache.ibatis.session.defaults.DefaultSqlSession@2e6c71a0] from current transaction
2023-04-13 02:00:28,667 DEBUG [http-nio-63040-exec-7][Logger.java:49] - Fetched SqlSession [org.apache.ibatis.session.defaults.DefaultSqlSession@2e6c71a0] from current transaction
2023-04-13 02:00:28,667 DEBUG [http-nio-63040-exec-7][BaseJdbcLogger.java:137] - ==>  Preparing: SELECT id,charge,price,original_price,qq,wechat,phone,valid_days FROM course_market WHERE id=?
2023-04-13 02:00:28,667 DEBUG [http-nio-63040-exec-7][BaseJdbcLogger.java:137] - ==>  Preparing: SELECT id,charge,price,original_price,qq,wechat,phone,valid_days FROM course_market WHERE id=?
2023-04-13 02:00:28,667 DEBUG [http-nio-63040-exec-7][BaseJdbcLogger.java:137] - ==> Parameters: 1(Long)
2023-04-13 02:00:28,667 DEBUG [http-nio-63040-exec-7][BaseJdbcLogger.java:137] - ==> Parameters: 1(Long)
2023-04-13 02:00:28,668 DEBUG [http-nio-63040-exec-7][BaseJdbcLogger.java:137] - <==      Total: 1
2023-04-13 02:00:28,668 DEBUG [http-nio-63040-exec-7][BaseJdbcLogger.java:137] - <==      Total: 1
2023-04-13 02:00:28,668 DEBUG [http-nio-63040-exec-7][Logger.java:49] - Releasing transactional SqlSession [org.apache.ibatis.session.defaults.DefaultSqlSession@2e6c71a0]
2023-04-13 02:00:28,668 DEBUG [http-nio-63040-exec-7][Logger.java:49] - Releasing transactional SqlSession [org.apache.ibatis.session.defaults.DefaultSqlSession@2e6c71a0]
2023-04-13 02:00:28,669 DEBUG [http-nio-63040-exec-7][Logger.java:49] - Fetched SqlSession [org.apache.ibatis.session.defaults.DefaultSqlSession@2e6c71a0] from current transaction
2023-04-13 02:00:28,669 DEBUG [http-nio-63040-exec-7][Logger.java:49] - Fetched SqlSession [org.apache.ibatis.session.defaults.DefaultSqlSession@2e6c71a0] from current transaction
2023-04-13 02:00:28,669 DEBUG [http-nio-63040-exec-7][BaseJdbcLogger.java:137] - ==>  Preparing: SELECT id,name,label,parentid,is_show,orderby,is_leaf FROM course_category WHERE id=?
2023-04-13 02:00:28,669 DEBUG [http-nio-63040-exec-7][BaseJdbcLogger.java:137] - ==>  Preparing: SELECT id,name,label,parentid,is_show,orderby,is_leaf FROM course_category WHERE id=?
2023-04-13 02:00:28,670 DEBUG [http-nio-63040-exec-7][BaseJdbcLogger.java:137] - ==> Parameters: 1(String)
2023-04-13 02:00:28,670 DEBUG [http-nio-63040-exec-7][BaseJdbcLogger.java:137] - ==> Parameters: 1(String)
2023-04-13 02:00:28,670 DEBUG [http-nio-63040-exec-7][BaseJdbcLogger.java:137] - <==      Total: 1
2023-04-13 02:00:28,670 DEBUG [http-nio-63040-exec-7][BaseJdbcLogger.java:137] - <==      Total: 1
2023-04-13 02:00:28,670 DEBUG [http-nio-63040-exec-7][Logger.java:49] - Releasing transactional SqlSession [org.apache.ibatis.session.defaults.DefaultSqlSession@2e6c71a0]
2023-04-13 02:00:28,670 DEBUG [http-nio-63040-exec-7][Logger.java:49] - Releasing transactional SqlSession [org.apache.ibatis.session.defaults.DefaultSqlSession@2e6c71a0]
2023-04-13 02:00:28,670 DEBUG [http-nio-63040-exec-7][Logger.java:49] - Fetched SqlSession [org.apache.ibatis.session.defaults.DefaultSqlSession@2e6c71a0] from current transaction
2023-04-13 02:00:28,670 DEBUG [http-nio-63040-exec-7][Logger.java:49] - Fetched SqlSession [org.apache.ibatis.session.defaults.DefaultSqlSession@2e6c71a0] from current transaction
2023-04-13 02:00:28,670 DEBUG [http-nio-63040-exec-7][BaseJdbcLogger.java:137] - ==>  Preparing: SELECT id,name,label,parentid,is_show,orderby,is_leaf FROM course_category WHERE id=?
2023-04-13 02:00:28,670 DEBUG [http-nio-63040-exec-7][BaseJdbcLogger.java:137] - ==>  Preparing: SELECT id,name,label,parentid,is_show,orderby,is_leaf FROM course_category WHERE id=?
2023-04-13 02:00:28,671 DEBUG [http-nio-63040-exec-7][BaseJdbcLogger.java:137] - ==> Parameters: 1-3-2(String)
2023-04-13 02:00:28,671 DEBUG [http-nio-63040-exec-7][BaseJdbcLogger.java:137] - ==> Parameters: 1-3-2(String)
2023-04-13 02:00:28,672 DEBUG [http-nio-63040-exec-7][BaseJdbcLogger.java:137] - <==      Total: 1
2023-04-13 02:00:28,672 DEBUG [http-nio-63040-exec-7][BaseJdbcLogger.java:137] - <==      Total: 1
2023-04-13 02:00:28,672 DEBUG [http-nio-63040-exec-7][Logger.java:49] - Releasing transactional SqlSession [org.apache.ibatis.session.defaults.DefaultSqlSession@2e6c71a0]
2023-04-13 02:00:28,672 DEBUG [http-nio-63040-exec-7][Logger.java:49] - Releasing transactional SqlSession [org.apache.ibatis.session.defaults.DefaultSqlSession@2e6c71a0]
2023-04-13 02:00:28,672 DEBUG [http-nio-63040-exec-7][Logger.java:49] - Transaction synchronization committing SqlSession [org.apache.ibatis.session.defaults.DefaultSqlSession@2e6c71a0]
2023-04-13 02:00:28,672 DEBUG [http-nio-63040-exec-7][Logger.java:49] - Transaction synchronization committing SqlSession [org.apache.ibatis.session.defaults.DefaultSqlSession@2e6c71a0]
2023-04-13 02:00:28,672 DEBUG [http-nio-63040-exec-7][Logger.java:49] - Transaction synchronization deregistering SqlSession [org.apache.ibatis.session.defaults.DefaultSqlSession@2e6c71a0]
2023-04-13 02:00:28,672 DEBUG [http-nio-63040-exec-7][Logger.java:49] - Transaction synchronization deregistering SqlSession [org.apache.ibatis.session.defaults.DefaultSqlSession@2e6c71a0]
2023-04-13 02:00:28,672 DEBUG [http-nio-63040-exec-7][Logger.java:49] - Transaction synchronization closing SqlSession [org.apache.ibatis.session.defaults.DefaultSqlSession@2e6c71a0]
2023-04-13 02:00:28,672 DEBUG [http-nio-63040-exec-7][Logger.java:49] - Transaction synchronization closing SqlSession [org.apache.ibatis.session.defaults.DefaultSqlSession@2e6c71a0]
2023-04-13 02:00:28,673 DEBUG [http-nio-63040-exec-7][AbstractPlatformTransactionManager.java:740] - Initiating transaction commit
2023-04-13 02:00:28,673 DEBUG [http-nio-63040-exec-7][AbstractPlatformTransactionManager.java:740] - Initiating transaction commit
2023-04-13 02:00:28,673 DEBUG [http-nio-63040-exec-7][DataSourceTransactionManager.java:326] - Committing JDBC transaction on Connection [HikariProxyConnection@793926548 wrapping com.mysql.cj.jdbc.ConnectionImpl@6b9ff149]
2023-04-13 02:00:28,673 DEBUG [http-nio-63040-exec-7][DataSourceTransactionManager.java:326] - Committing JDBC transaction on Connection [HikariProxyConnection@793926548 wrapping com.mysql.cj.jdbc.ConnectionImpl@6b9ff149]
2023-04-13 02:00:28,675 DEBUG [http-nio-63040-exec-7][DataSourceTransactionManager.java:385] - Releasing JDBC Connection [HikariProxyConnection@793926548 wrapping com.mysql.cj.jdbc.ConnectionImpl@6b9ff149] after transaction
2023-04-13 02:00:28,675 DEBUG [http-nio-63040-exec-7][DataSourceTransactionManager.java:385] - Releasing JDBC Connection [HikariProxyConnection@793926548 wrapping com.mysql.cj.jdbc.ConnectionImpl@6b9ff149] after transaction
2023-04-13 02:00:28,675 DEBUG [http-nio-63040-exec-7][AbstractMessageConverterMethodProcessor.java:255] - Using 'application/json', given [application/json, text/plain, */*] and supported [application/json, application/*+json, application/json, application/*+json]
2023-04-13 02:00:28,675 DEBUG [http-nio-63040-exec-7][AbstractMessageConverterMethodProcessor.java:255] - Using 'application/json', given [application/json, text/plain, */*] and supported [application/json, application/*+json, application/json, application/*+json]
2023-04-13 02:00:28,676 DEBUG [http-nio-63040-exec-7][LogFormatUtils.java:91] - Writing [CourseBaseInfoDto(charge=201001, price=5.0, originalPrice=100.0, qq=1, wechat=1, phone=1, validDays= (truncated)...]
2023-04-13 02:00:28,676 DEBUG [http-nio-63040-exec-7][LogFormatUtils.java:91] - Writing [CourseBaseInfoDto(charge=201001, price=5.0, originalPrice=100.0, qq=1, wechat=1, phone=1, validDays= (truncated)...]
2023-04-13 02:00:28,676 DEBUG [http-nio-63040-exec-7][FrameworkServlet.java:1131] - Completed 200 OK
2023-04-13 02:00:28,676 DEBUG [http-nio-63040-exec-7][FrameworkServlet.java:1131] - Completed 200 OK
2023-04-13 02:00:28,912 DEBUG [http-nio-63040-exec-9][LogFormatUtils.java:91] - GET "/content/teachplan/1/tree-nodes", parameters={}
2023-04-13 02:00:28,912 DEBUG [http-nio-63040-exec-9][LogFormatUtils.java:91] - GET "/content/teachplan/1/tree-nodes", parameters={}
2023-04-13 02:00:28,912 DEBUG [http-nio-63040-exec-9][AbstractHandlerMapping.java:415] - Mapped to com.checo.moocmini.content.api.TeachplanController#queryTeachplanTreeNodes(Long)
2023-04-13 02:00:28,912 DEBUG [http-nio-63040-exec-9][AbstractHandlerMapping.java:415] - Mapped to com.checo.moocmini.content.api.TeachplanController#queryTeachplanTreeNodes(Long)
2023-04-13 02:00:28,913 DEBUG [http-nio-63040-exec-9][Logger.java:49] - Creating a new SqlSession
2023-04-13 02:00:28,913 DEBUG [http-nio-63040-exec-9][Logger.java:49] - Creating a new SqlSession
2023-04-13 02:00:28,913 DEBUG [http-nio-63040-exec-9][Logger.java:49] - SqlSession [org.apache.ibatis.session.defaults.DefaultSqlSession@50fe5093] was not registered for synchronization because synchronization is not active
2023-04-13 02:00:28,913 DEBUG [http-nio-63040-exec-9][Logger.java:49] - SqlSession [org.apache.ibatis.session.defaults.DefaultSqlSession@50fe5093] was not registered for synchronization because synchronization is not active
2023-04-13 02:00:28,913 DEBUG [http-nio-63040-exec-9][DataSourceUtils.java:115] - Fetching JDBC Connection from DataSource
2023-04-13 02:00:28,913 DEBUG [http-nio-63040-exec-9][DataSourceUtils.java:115] - Fetching JDBC Connection from DataSource
2023-04-13 02:00:28,913 DEBUG [http-nio-63040-exec-9][Logger.java:49] - JDBC Connection [HikariProxyConnection@1187417398 wrapping com.mysql.cj.jdbc.ConnectionImpl@6b9ff149] will not be managed by Spring
2023-04-13 02:00:28,913 DEBUG [http-nio-63040-exec-9][Logger.java:49] - JDBC Connection [HikariProxyConnection@1187417398 wrapping com.mysql.cj.jdbc.ConnectionImpl@6b9ff149] will not be managed by Spring
2023-04-13 02:00:28,913 DEBUG [http-nio-63040-exec-9][BaseJdbcLogger.java:137] - ==>  Preparing: select one.id one_id, one.pname one_pname, one.parentid one_parentid, one.grade one_grade, one.media_type one_mediaType, one.start_time one_stratTime, one.end_time one_endTime, one.orderby one_orderby, one.course_id one_courseId, one.course_pub_id one_coursePubId, two.id two_id, two.pname two_pname, two.parentid two_parentid, two.grade two_grade, two.media_type two_mediaType, two.start_time two_stratTime, two.end_time two_endTime, two.orderby two_orderby, two.course_id two_courseId, two.course_pub_id two_coursePubId, m1.media_fileName mediaFilename, m1.id teachplanMeidaId, m1.media_id mediaId from teachplan one left join teachplan two on one.id = two.parentid left join teachplan_media m1 on m1.teachplan_id = two.id where one.parentid = 0 and one.course_id = ? order by one.orderby, two.orderby
2023-04-13 02:00:28,913 DEBUG [http-nio-63040-exec-9][BaseJdbcLogger.java:137] - ==>  Preparing: select one.id one_id, one.pname one_pname, one.parentid one_parentid, one.grade one_grade, one.media_type one_mediaType, one.start_time one_stratTime, one.end_time one_endTime, one.orderby one_orderby, one.course_id one_courseId, one.course_pub_id one_coursePubId, two.id two_id, two.pname two_pname, two.parentid two_parentid, two.grade two_grade, two.media_type two_mediaType, two.start_time two_stratTime, two.end_time two_endTime, two.orderby two_orderby, two.course_id two_courseId, two.course_pub_id two_coursePubId, m1.media_fileName mediaFilename, m1.id teachplanMeidaId, m1.media_id mediaId from teachplan one left join teachplan two on one.id = two.parentid left join teachplan_media m1 on m1.teachplan_id = two.id where one.parentid = 0 and one.course_id = ? order by one.orderby, two.orderby
2023-04-13 02:00:28,914 DEBUG [http-nio-63040-exec-9][BaseJdbcLogger.java:137] - ==> Parameters: 1(Long)
2023-04-13 02:00:28,914 DEBUG [http-nio-63040-exec-9][BaseJdbcLogger.java:137] - ==> Parameters: 1(Long)
2023-04-13 02:00:28,916 DEBUG [http-nio-63040-exec-9][BaseJdbcLogger.java:137] - <==      Total: 4
2023-04-13 02:00:28,916 DEBUG [http-nio-63040-exec-9][BaseJdbcLogger.java:137] - <==      Total: 4
2023-04-13 02:00:28,917 DEBUG [http-nio-63040-exec-9][Logger.java:49] - Closing non transactional SqlSession [org.apache.ibatis.session.defaults.DefaultSqlSession@50fe5093]
2023-04-13 02:00:28,917 DEBUG [http-nio-63040-exec-9][Logger.java:49] - Closing non transactional SqlSession [org.apache.ibatis.session.defaults.DefaultSqlSession@50fe5093]
2023-04-13 02:00:28,917 DEBUG [http-nio-63040-exec-9][AbstractMessageConverterMethodProcessor.java:255] - Using 'application/json', given [application/json, text/plain, */*] and supported [application/json, application/*+json, application/json, application/*+json]
2023-04-13 02:00:28,917 DEBUG [http-nio-63040-exec-9][AbstractMessageConverterMethodProcessor.java:255] - Using 'application/json', given [application/json, text/plain, */*] and supported [application/json, application/*+json, application/json, application/*+json]
2023-04-13 02:00:28,917 DEBUG [http-nio-63040-exec-9][LogFormatUtils.java:91] - Writing [[TeachplanDto(teachplanMedia=null, teachPlanTreeNodes=[TeachplanDto(teachplanMedia=TeachplanMedia(id (truncated)...]
2023-04-13 02:00:28,917 DEBUG [http-nio-63040-exec-9][LogFormatUtils.java:91] - Writing [[TeachplanDto(teachplanMedia=null, teachPlanTreeNodes=[TeachplanDto(teachplanMedia=TeachplanMedia(id (truncated)...]
2023-04-13 02:00:28,918 DEBUG [http-nio-63040-exec-9][FrameworkServlet.java:1131] - Completed 200 OK
2023-04-13 02:00:28,918 DEBUG [http-nio-63040-exec-9][FrameworkServlet.java:1131] - Completed 200 OK
2023-04-13 02:00:31,091 DEBUG [http-nio-63040-exec-10][LogFormatUtils.java:91] - GET "/content/courseTeacher/list/1", parameters={}
2023-04-13 02:00:31,091 DEBUG [http-nio-63040-exec-10][LogFormatUtils.java:91] - GET "/content/courseTeacher/list/1", parameters={}
2023-04-13 02:00:31,092 DEBUG [http-nio-63040-exec-10][AbstractHandlerMapping.java:415] - Mapped to com.checo.moocmini.content.api.CourseTeacherController#getCourseTeacher(Long)
2023-04-13 02:00:31,092 DEBUG [http-nio-63040-exec-10][AbstractHandlerMapping.java:415] - Mapped to com.checo.moocmini.content.api.CourseTeacherController#getCourseTeacher(Long)
2023-04-13 02:00:31,093 DEBUG [http-nio-63040-exec-10][Logger.java:49] - Creating a new SqlSession
2023-04-13 02:00:31,093 DEBUG [http-nio-63040-exec-10][Logger.java:49] - Creating a new SqlSession
2023-04-13 02:00:31,093 DEBUG [http-nio-63040-exec-10][Logger.java:49] - SqlSession [org.apache.ibatis.session.defaults.DefaultSqlSession@549f6bba] was not registered for synchronization because synchronization is not active
2023-04-13 02:00:31,093 DEBUG [http-nio-63040-exec-10][Logger.java:49] - SqlSession [org.apache.ibatis.session.defaults.DefaultSqlSession@549f6bba] was not registered for synchronization because synchronization is not active
2023-04-13 02:00:31,093 DEBUG [http-nio-63040-exec-10][DataSourceUtils.java:115] - Fetching JDBC Connection from DataSource
2023-04-13 02:00:31,093 DEBUG [http-nio-63040-exec-10][DataSourceUtils.java:115] - Fetching JDBC Connection from DataSource
2023-04-13 02:00:31,095 DEBUG [http-nio-63040-exec-10][Logger.java:49] - JDBC Connection [HikariProxyConnection@1475521779 wrapping com.mysql.cj.jdbc.ConnectionImpl@6b9ff149] will not be managed by Spring
2023-04-13 02:00:31,095 DEBUG [http-nio-63040-exec-10][Logger.java:49] - JDBC Connection [HikariProxyConnection@1475521779 wrapping com.mysql.cj.jdbc.ConnectionImpl@6b9ff149] will not be managed by Spring
2023-04-13 02:00:31,095 DEBUG [http-nio-63040-exec-10][BaseJdbcLogger.java:137] - ==>  Preparing: SELECT id,course_id,teacher_name,position,introduction,photograph,create_date FROM course_teacher WHERE (course_id = ?)
2023-04-13 02:00:31,095 DEBUG [http-nio-63040-exec-10][BaseJdbcLogger.java:137] - ==>  Preparing: SELECT id,course_id,teacher_name,position,introduction,photograph,create_date FROM course_teacher WHERE (course_id = ?)
2023-04-13 02:00:31,095 DEBUG [http-nio-63040-exec-10][BaseJdbcLogger.java:137] - ==> Parameters: 1(Long)
2023-04-13 02:00:31,095 DEBUG [http-nio-63040-exec-10][BaseJdbcLogger.java:137] - ==> Parameters: 1(Long)
2023-04-13 02:00:31,097 DEBUG [http-nio-63040-exec-10][BaseJdbcLogger.java:137] - <==      Total: 1
2023-04-13 02:00:31,097 DEBUG [http-nio-63040-exec-10][BaseJdbcLogger.java:137] - <==      Total: 1
2023-04-13 02:00:31,098 DEBUG [http-nio-63040-exec-10][Logger.java:49] - Closing non transactional SqlSession [org.apache.ibatis.session.defaults.DefaultSqlSession@549f6bba]
2023-04-13 02:00:31,098 DEBUG [http-nio-63040-exec-10][Logger.java:49] - Closing non transactional SqlSession [org.apache.ibatis.session.defaults.DefaultSqlSession@549f6bba]
2023-04-13 02:00:31,098 DEBUG [http-nio-63040-exec-10][AbstractMessageConverterMethodProcessor.java:255] - Using 'application/json', given [application/json, text/plain, */*] and supported [application/json, application/*+json, application/json, application/*+json]
2023-04-13 02:00:31,098 DEBUG [http-nio-63040-exec-10][AbstractMessageConverterMethodProcessor.java:255] - Using 'application/json', given [application/json, text/plain, */*] and supported [application/json, application/*+json, application/json, application/*+json]
2023-04-13 02:00:31,098 DEBUG [http-nio-63040-exec-10][LogFormatUtils.java:91] - Writing [[CourseTeacher(id=21, courseId=1, teacherName=张三, position=教授, introduction=blablablablablablablabla (truncated)...]
2023-04-13 02:00:31,098 DEBUG [http-nio-63040-exec-10][LogFormatUtils.java:91] - Writing [[CourseTeacher(id=21, courseId=1, teacherName=张三, position=教授, introduction=blablablablablablablabla (truncated)...]
2023-04-13 02:00:31,099 DEBUG [http-nio-63040-exec-10][FrameworkServlet.java:1131] - Completed 200 OK
2023-04-13 02:00:31,099 DEBUG [http-nio-63040-exec-10][FrameworkServlet.java:1131] - Completed 200 OK
2023-04-13 02:00:34,459 DEBUG [HikariPool-1 housekeeper][HikariPool.java:421] - HikariPool-1 - Pool stats (total=10, active=0, idle=10, waiting=0)
2023-04-13 02:00:34,459 DEBUG [HikariPool-1 housekeeper][HikariPool.java:421] - HikariPool-1 - Pool stats (total=10, active=0, idle=10, waiting=0)
2023-04-13 02:00:34,459 DEBUG [HikariPool-1 housekeeper][HikariPool.java:517] - HikariPool-1 - Fill pool skipped, pool is at sufficient level.
2023-04-13 02:00:34,459 DEBUG [HikariPool-1 housekeeper][HikariPool.java:517] - HikariPool-1 - Fill pool skipped, pool is at sufficient level.
2023-04-13 02:00:37,934 DEBUG [http-nio-63040-exec-1][LogFormatUtils.java:91] - DELETE "/content/courseTeacher/course/1/21", parameters={}
2023-04-13 02:00:37,934 DEBUG [http-nio-63040-exec-1][LogFormatUtils.java:91] - DELETE "/content/courseTeacher/course/1/21", parameters={}
2023-04-13 02:00:37,937 DEBUG [http-nio-63040-exec-1][AbstractHandlerMapping.java:415] - Mapped to ResourceHttpRequestHandler ["classpath:/META-INF/resources/", "classpath:/resources/", "classpath:/static/", "classpath:/public/", "/"]
2023-04-13 02:00:37,937 DEBUG [http-nio-63040-exec-1][AbstractHandlerMapping.java:415] - Mapped to ResourceHttpRequestHandler ["classpath:/META-INF/resources/", "classpath:/resources/", "classpath:/static/", "classpath:/public/", "/"]
2023-04-13 02:00:37,941 DEBUG [http-nio-63040-exec-1][ResourceHttpRequestHandler.java:487] - Resource not found
2023-04-13 02:00:37,941 DEBUG [http-nio-63040-exec-1][ResourceHttpRequestHandler.java:487] - Resource not found
2023-04-13 02:00:37,941 DEBUG [http-nio-63040-exec-1][FrameworkServlet.java:1131] - Completed 404 NOT_FOUND
2023-04-13 02:00:37,941 DEBUG [http-nio-63040-exec-1][FrameworkServlet.java:1131] - Completed 404 NOT_FOUND
2023-04-13 02:00:37,944 DEBUG [http-nio-63040-exec-1][LogFormatUtils.java:91] - "ERROR" dispatch for DELETE "/content/error", parameters={}
2023-04-13 02:00:37,944 DEBUG [http-nio-63040-exec-1][LogFormatUtils.java:91] - "ERROR" dispatch for DELETE "/content/error", parameters={}
2023-04-13 02:00:37,946 DEBUG [http-nio-63040-exec-1][AbstractHandlerMapping.java:415] - Mapped to org.springframework.boot.autoconfigure.web.servlet.error.BasicErrorController#error(HttpServletRequest)
2023-04-13 02:00:37,946 DEBUG [http-nio-63040-exec-1][AbstractHandlerMapping.java:415] - Mapped to org.springframework.boot.autoconfigure.web.servlet.error.BasicErrorController#error(HttpServletRequest)
2023-04-13 02:00:37,951 DEBUG [http-nio-63040-exec-1][AbstractMessageConverterMethodProcessor.java:255] - Using 'application/json', given [application/json, text/plain, */*] and supported [application/json, application/*+json, application/json, application/*+json]
2023-04-13 02:00:37,951 DEBUG [http-nio-63040-exec-1][AbstractMessageConverterMethodProcessor.java:255] - Using 'application/json', given [application/json, text/plain, */*] and supported [application/json, application/*+json, application/json, application/*+json]
2023-04-13 02:00:37,951 DEBUG [http-nio-63040-exec-1][LogFormatUtils.java:91] - Writing [{timestamp=Thu Apr 13 02:00:37 CST 2023, status=404, error=Not Found, message=, path=/content/course (truncated)...]
2023-04-13 02:00:37,951 DEBUG [http-nio-63040-exec-1][LogFormatUtils.java:91] - Writing [{timestamp=Thu Apr 13 02:00:37 CST 2023, status=404, error=Not Found, message=, path=/content/course (truncated)...]
2023-04-13 02:00:37,957 DEBUG [http-nio-63040-exec-1][FrameworkServlet.java:1127] - Exiting from "ERROR" dispatch, status 404
2023-04-13 02:00:37,957 DEBUG [http-nio-63040-exec-1][FrameworkServlet.java:1127] - Exiting from "ERROR" dispatch, status 404
2023-04-13 02:01:04,475 DEBUG [HikariPool-1 housekeeper][HikariPool.java:421] - HikariPool-1 - Pool stats (total=10, active=0, idle=10, waiting=0)
2023-04-13 02:01:04,475 DEBUG [HikariPool-1 housekeeper][HikariPool.java:421] - HikariPool-1 - Pool stats (total=10, active=0, idle=10, waiting=0)
2023-04-13 02:01:04,475 DEBUG [HikariPool-1 housekeeper][HikariPool.java:517] - HikariPool-1 - Fill pool skipped, pool is at sufficient level.
2023-04-13 02:01:04,475 DEBUG [HikariPool-1 housekeeper][HikariPool.java:517] - HikariPool-1 - Fill pool skipped, pool is at sufficient level.
2023-04-13 02:01:34,486 DEBUG [HikariPool-1 housekeeper][HikariPool.java:421] - HikariPool-1 - Pool stats (total=10, active=0, idle=10, waiting=0)
2023-04-13 02:01:34,486 DEBUG [HikariPool-1 housekeeper][HikariPool.java:421] - HikariPool-1 - Pool stats (total=10, active=0, idle=10, waiting=0)
2023-04-13 02:01:34,486 DEBUG [HikariPool-1 housekeeper][HikariPool.java:517] - HikariPool-1 - Fill pool skipped, pool is at sufficient level.
2023-04-13 02:01:34,486 DEBUG [HikariPool-1 housekeeper][HikariPool.java:517] - HikariPool-1 - Fill pool skipped, pool is at sufficient level.
2023-04-13 02:02:04,497 DEBUG [HikariPool-1 housekeeper][HikariPool.java:421] - HikariPool-1 - Pool stats (total=10, active=0, idle=10, waiting=0)
2023-04-13 02:02:04,497 DEBUG [HikariPool-1 housekeeper][HikariPool.java:421] - HikariPool-1 - Pool stats (total=10, active=0, idle=10, waiting=0)
2023-04-13 02:02:04,497 DEBUG [HikariPool-1 housekeeper][HikariPool.java:517] - HikariPool-1 - Fill pool skipped, pool is at sufficient level.
2023-04-13 02:02:04,497 DEBUG [HikariPool-1 housekeeper][HikariPool.java:517] - HikariPool-1 - Fill pool skipped, pool is at sufficient level.
2023-04-13 02:02:34,503 DEBUG [HikariPool-1 housekeeper][HikariPool.java:421] - HikariPool-1 - Pool stats (total=10, active=0, idle=10, waiting=0)
2023-04-13 02:02:34,503 DEBUG [HikariPool-1 housekeeper][HikariPool.java:421] - HikariPool-1 - Pool stats (total=10, active=0, idle=10, waiting=0)
2023-04-13 02:02:34,503 DEBUG [HikariPool-1 housekeeper][HikariPool.java:517] - HikariPool-1 - Fill pool skipped, pool is at sufficient level.
2023-04-13 02:02:34,503 DEBUG [HikariPool-1 housekeeper][HikariPool.java:517] - HikariPool-1 - Fill pool skipped, pool is at sufficient level.
2023-04-13 02:03:04,505 DEBUG [HikariPool-1 housekeeper][HikariPool.java:421] - HikariPool-1 - Pool stats (total=10, active=0, idle=10, waiting=0)
2023-04-13 02:03:04,505 DEBUG [HikariPool-1 housekeeper][HikariPool.java:421] - HikariPool-1 - Pool stats (total=10, active=0, idle=10, waiting=0)
2023-04-13 02:03:04,505 DEBUG [HikariPool-1 housekeeper][HikariPool.java:517] - HikariPool-1 - Fill pool skipped, pool is at sufficient level.
2023-04-13 02:03:04,505 DEBUG [HikariPool-1 housekeeper][HikariPool.java:517] - HikariPool-1 - Fill pool skipped, pool is at sufficient level.
2023-04-13 02:03:34,509 DEBUG [HikariPool-1 housekeeper][HikariPool.java:421] - HikariPool-1 - Pool stats (total=10, active=0, idle=10, waiting=0)
2023-04-13 02:03:34,509 DEBUG [HikariPool-1 housekeeper][HikariPool.java:421] - HikariPool-1 - Pool stats (total=10, active=0, idle=10, waiting=0)
2023-04-13 02:03:34,509 DEBUG [HikariPool-1 housekeeper][HikariPool.java:517] - HikariPool-1 - Fill pool skipped, pool is at sufficient level.
2023-04-13 02:03:34,509 DEBUG [HikariPool-1 housekeeper][HikariPool.java:517] - HikariPool-1 - Fill pool skipped, pool is at sufficient level.
2023-04-13 02:04:04,511 DEBUG [HikariPool-1 housekeeper][HikariPool.java:421] - HikariPool-1 - Pool stats (total=10, active=0, idle=10, waiting=0)
2023-04-13 02:04:04,511 DEBUG [HikariPool-1 housekeeper][HikariPool.java:421] - HikariPool-1 - Pool stats (total=10, active=0, idle=10, waiting=0)
2023-04-13 02:04:04,511 DEBUG [HikariPool-1 housekeeper][HikariPool.java:517] - HikariPool-1 - Fill pool skipped, pool is at sufficient level.
2023-04-13 02:04:04,511 DEBUG [HikariPool-1 housekeeper][HikariPool.java:517] - HikariPool-1 - Fill pool skipped, pool is at sufficient level.
2023-04-13 02:04:34,525 DEBUG [HikariPool-1 housekeeper][HikariPool.java:421] - HikariPool-1 - Pool stats (total=10, active=0, idle=10, waiting=0)
2023-04-13 02:04:34,525 DEBUG [HikariPool-1 housekeeper][HikariPool.java:421] - HikariPool-1 - Pool stats (total=10, active=0, idle=10, waiting=0)
2023-04-13 02:04:34,525 DEBUG [HikariPool-1 housekeeper][HikariPool.java:517] - HikariPool-1 - Fill pool skipped, pool is at sufficient level.
2023-04-13 02:04:34,525 DEBUG [HikariPool-1 housekeeper][HikariPool.java:517] - HikariPool-1 - Fill pool skipped, pool is at sufficient level.
2023-04-13 02:05:04,539 DEBUG [HikariPool-1 housekeeper][HikariPool.java:421] - HikariPool-1 - Pool stats (total=10, active=0, idle=10, waiting=0)
2023-04-13 02:05:04,539 DEBUG [HikariPool-1 housekeeper][HikariPool.java:421] - HikariPool-1 - Pool stats (total=10, active=0, idle=10, waiting=0)
2023-04-13 02:05:04,539 DEBUG [HikariPool-1 housekeeper][HikariPool.java:517] - HikariPool-1 - Fill pool skipped, pool is at sufficient level.
2023-04-13 02:05:04,539 DEBUG [HikariPool-1 housekeeper][HikariPool.java:517] - HikariPool-1 - Fill pool skipped, pool is at sufficient level.
2023-04-13 02:05:21,346 DEBUG [SpringContextShutdownHook][AbstractApplicationContext.java:1006] - Closing org.springframework.boot.web.servlet.context.AnnotationConfigServletWebServerApplicationContext@51dbd6e4, started on Thu Apr 13 01:57:57 CST 2023, parent: org.springframework.context.annotation.AnnotationConfigApplicationContext@42a9a63e
2023-04-13 02:05:21,346 DEBUG [SpringContextShutdownHook][AbstractApplicationContext.java:1006] - Closing org.springframework.boot.web.servlet.context.AnnotationConfigServletWebServerApplicationContext@51dbd6e4, started on Thu Apr 13 01:57:57 CST 2023, parent: org.springframework.context.annotation.AnnotationConfigApplicationContext@42a9a63e
2023-04-13 02:05:21,348 DEBUG [SpringContextShutdownHook][DefaultLifecycleProcessor.java:369] - Stopping beans in phase 2147483647
2023-04-13 02:05:21,348 DEBUG [SpringContextShutdownHook][DefaultLifecycleProcessor.java:369] - Stopping beans in phase 2147483647
2023-04-13 02:05:21,348 DEBUG [SpringContextShutdownHook][DefaultLifecycleProcessor.java:242] - Bean 'documentationPluginsBootstrapper' completed its stop procedure
2023-04-13 02:05:21,348 DEBUG [SpringContextShutdownHook][DefaultLifecycleProcessor.java:242] - Bean 'documentationPluginsBootstrapper' completed its stop procedure
2023-04-13 02:05:21,349 DEBUG [SpringContextShutdownHook][DefaultLifecycleProcessor.java:242] - Bean 'webServerGracefulShutdown' completed its stop procedure
2023-04-13 02:05:21,349 DEBUG [SpringContextShutdownHook][DefaultLifecycleProcessor.java:242] - Bean 'webServerGracefulShutdown' completed its stop procedure
2023-04-13 02:05:21,349 DEBUG [SpringContextShutdownHook][DefaultLifecycleProcessor.java:369] - Stopping beans in phase 2147483646
2023-04-13 02:05:21,349 DEBUG [SpringContextShutdownHook][DefaultLifecycleProcessor.java:369] - Stopping beans in phase 2147483646
2023-04-13 02:05:21,543 DEBUG [SpringContextShutdownHook][DefaultLifecycleProcessor.java:242] - Bean 'webServerStartStop' completed its stop procedure
2023-04-13 02:05:21,543 DEBUG [SpringContextShutdownHook][DefaultLifecycleProcessor.java:242] - Bean 'webServerStartStop' completed its stop procedure
2023-04-13 02:05:21,544 DEBUG [SpringContextShutdownHook][MBeanExporter.java:452] - Unregistering JMX-exposed beans on shutdown
2023-04-13 02:05:21,544 DEBUG [SpringContextShutdownHook][MBeanExporter.java:452] - Unregistering JMX-exposed beans on shutdown
2023-04-13 02:05:21,544 DEBUG [SpringContextShutdownHook][MBeanRegistrationSupport.java:186] - Unregistering JMX-exposed beans
2023-04-13 02:05:21,544 DEBUG [SpringContextShutdownHook][MBeanRegistrationSupport.java:186] - Unregistering JMX-exposed beans
2023-04-13 02:05:21,545 INFO [SpringContextShutdownHook][ExecutorConfigurationSupport.java:218] - Shutting down ExecutorService 'applicationTaskExecutor'
2023-04-13 02:05:21,545 INFO [SpringContextShutdownHook][ExecutorConfigurationSupport.java:218] - Shutting down ExecutorService 'applicationTaskExecutor'
2023-04-13 02:05:21,546 INFO [SpringContextShutdownHook][HikariDataSource.java:350] - HikariPool-1 - Shutdown initiated...
2023-04-13 02:05:21,546 INFO [SpringContextShutdownHook][HikariDataSource.java:350] - HikariPool-1 - Shutdown initiated...
2023-04-13 02:05:21,546 DEBUG [SpringContextShutdownHook][HikariPool.java:421] - HikariPool-1 - Before shutdown stats (total=10, active=0, idle=10, waiting=0)
2023-04-13 02:05:21,546 DEBUG [SpringContextShutdownHook][HikariPool.java:421] - HikariPool-1 - Before shutdown stats (total=10, active=0, idle=10, waiting=0)
2023-04-13 02:05:21,547 DEBUG [HikariPool-1 connection closer][PoolBase.java:134] - HikariPool-1 - Closing connection com.mysql.cj.jdbc.ConnectionImpl@6b9ff149: (connection evicted)
2023-04-13 02:05:21,547 DEBUG [HikariPool-1 connection closer][PoolBase.java:134] - HikariPool-1 - Closing connection com.mysql.cj.jdbc.ConnectionImpl@6b9ff149: (connection evicted)
2023-04-13 02:05:21,551 DEBUG [HikariPool-1 connection closer][PoolBase.java:134] - HikariPool-1 - Closing connection com.mysql.cj.jdbc.ConnectionImpl@42a7bbb4: (connection evicted)
2023-04-13 02:05:21,551 DEBUG [HikariPool-1 connection closer][PoolBase.java:134] - HikariPool-1 - Closing connection com.mysql.cj.jdbc.ConnectionImpl@42a7bbb4: (connection evicted)
2023-04-13 02:05:21,551 DEBUG [HikariPool-1 connection closer][PoolBase.java:134] - HikariPool-1 - Closing connection com.mysql.cj.jdbc.ConnectionImpl@36e8f81d: (connection evicted)
2023-04-13 02:05:21,551 DEBUG [HikariPool-1 connection closer][PoolBase.java:134] - HikariPool-1 - Closing connection com.mysql.cj.jdbc.ConnectionImpl@36e8f81d: (connection evicted)
2023-04-13 02:05:21,552 DEBUG [HikariPool-1 connection closer][PoolBase.java:134] - HikariPool-1 - Closing connection com.mysql.cj.jdbc.ConnectionImpl@603024a: (connection evicted)
2023-04-13 02:05:21,552 DEBUG [HikariPool-1 connection closer][PoolBase.java:134] - HikariPool-1 - Closing connection com.mysql.cj.jdbc.ConnectionImpl@603024a: (connection evicted)
2023-04-13 02:05:21,552 DEBUG [HikariPool-1 connection closer][PoolBase.java:134] - HikariPool-1 - Closing connection com.mysql.cj.jdbc.ConnectionImpl@63c459e8: (connection evicted)
2023-04-13 02:05:21,552 DEBUG [HikariPool-1 connection closer][PoolBase.java:134] - HikariPool-1 - Closing connection com.mysql.cj.jdbc.ConnectionImpl@63c459e8: (connection evicted)
2023-04-13 02:05:21,553 DEBUG [HikariPool-1 connection closer][PoolBase.java:134] - HikariPool-1 - Closing connection com.mysql.cj.jdbc.ConnectionImpl@433d3d59: (connection evicted)
2023-04-13 02:05:21,553 DEBUG [HikariPool-1 connection closer][PoolBase.java:134] - HikariPool-1 - Closing connection com.mysql.cj.jdbc.ConnectionImpl@433d3d59: (connection evicted)
2023-04-13 02:05:21,553 DEBUG [HikariPool-1 connection closer][PoolBase.java:134] - HikariPool-1 - Closing connection com.mysql.cj.jdbc.ConnectionImpl@60a4713b: (connection evicted)
2023-04-13 02:05:21,553 DEBUG [HikariPool-1 connection closer][PoolBase.java:134] - HikariPool-1 - Closing connection com.mysql.cj.jdbc.ConnectionImpl@60a4713b: (connection evicted)
2023-04-13 02:05:21,553 DEBUG [HikariPool-1 connection closer][PoolBase.java:134] - HikariPool-1 - Closing connection com.mysql.cj.jdbc.ConnectionImpl@79f4996f: (connection evicted)
2023-04-13 02:05:21,553 DEBUG [HikariPool-1 connection closer][PoolBase.java:134] - HikariPool-1 - Closing connection com.mysql.cj.jdbc.ConnectionImpl@79f4996f: (connection evicted)
2023-04-13 02:05:21,553 DEBUG [HikariPool-1 connection closer][PoolBase.java:134] - HikariPool-1 - Closing connection com.mysql.cj.jdbc.ConnectionImpl@61b5fc5f: (connection evicted)
2023-04-13 02:05:21,553 DEBUG [HikariPool-1 connection closer][PoolBase.java:134] - HikariPool-1 - Closing connection com.mysql.cj.jdbc.ConnectionImpl@61b5fc5f: (connection evicted)
2023-04-13 02:05:21,554 DEBUG [HikariPool-1 connection closer][PoolBase.java:134] - HikariPool-1 - Closing connection com.mysql.cj.jdbc.ConnectionImpl@7b961073: (connection evicted)
2023-04-13 02:05:21,554 DEBUG [HikariPool-1 connection closer][PoolBase.java:134] - HikariPool-1 - Closing connection com.mysql.cj.jdbc.ConnectionImpl@7b961073: (connection evicted)
2023-04-13 02:05:21,555 DEBUG [SpringContextShutdownHook][HikariPool.java:421] - HikariPool-1 - After shutdown stats (total=0, active=0, idle=0, waiting=0)
2023-04-13 02:05:21,555 DEBUG [SpringContextShutdownHook][HikariPool.java:421] - HikariPool-1 - After shutdown stats (total=0, active=0, idle=0, waiting=0)
2023-04-13 02:05:21,555 INFO [SpringContextShutdownHook][HikariDataSource.java:352] - HikariPool-1 - Shutdown completed.
2023-04-13 02:05:21,555 INFO [SpringContextShutdownHook][HikariDataSource.java:352] - HikariPool-1 - Shutdown completed.
